# AUSAlib version: 17.1
# Calibrator version: 2.0
# Calibrator arguments: Calibrator --eloss -d Det1
# Input files: 
#	det1.root
Current time is: 2022-04-13 17:00
======================================================

Starting calibration of Det1
Source: 
	{(3182.69, 1)}
	{(5105.5, 0.119615), (5144.3, 0.171409), (5156.59, 0.708976)}
	{(5762.64, 0.231), (5804.96, 0.769)}
======================================================

Calibrating Front
======================================================

--------------------------------
Strip 1
--------------------------------
Deadlayer corrected source 
	{(3157.34, 1)}
	{(5086.23, 0.119615), (5125.11, 0.171409), (5137.43, 0.708976)}
	{(5744.72, 0.231), (5787.12, 0.769)}
Peaks:
	Energy: 3157.34  Channel: 1262.89  Uncertaincy: 0.0177946
	Energy: 5086.23  Channel: 1933.71  Uncertaincy: 0.0220711
	Energy: 5125.11  Channel: 1947.24  Uncertaincy: 0.0220711
	Energy: 5137.43  Channel: 1951.52  Uncertaincy: 0.0220711
	Energy: 5744.72  Channel: 2162.8  Uncertaincy: 0.0256187
	Energy: 5787.12  Channel: 2177.55  Uncertaincy: 0.0256187
Results: 
	Offset: -473.635 ± 2.58837
	Slope:  2.87519 ± 0.00134117
	Chi^2/ndf:  0.0371226/4 = 0.00928066
Covariance matrix
	6.69966	-0.0034278
	-0.0034278	1.79873e-06
--------------------------------
Strip 2
--------------------------------
Deadlayer corrected source 
	{(3158.49, 1)}
	{(5087.1, 0.119615), (5125.98, 0.171409), (5138.29, 0.708976)}
	{(5745.53, 0.231), (5787.93, 0.769)}
Peaks:
	Energy: 3158.49  Channel: 1268.6  Uncertaincy: 0.0320504
	Energy: 5087.1  Channel: 1944.37  Uncertaincy: 0.0389724
	Energy: 5125.98  Channel: 1958  Uncertaincy: 0.0389724
	Energy: 5138.29  Channel: 1962.31  Uncertaincy: 0.0389724
	Energy: 5745.53  Channel: 2174.72  Uncertaincy: 0.0505744
	Energy: 5787.93  Channel: 2189.57  Uncertaincy: 0.0505744
Results: 
	Offset: -463.555 ± 2.59315
	Slope:  2.85492 ± 0.00133694
	Chi^2/ndf:  0.87691/4 = 0.219228
Covariance matrix
	6.72445	-0.00342304
	-0.00342304	1.78742e-06
--------------------------------
Strip 3
--------------------------------
Deadlayer corrected source 
	{(3159.52, 1)}
	{(5087.88, 0.119615), (5126.76, 0.171409), (5139.07, 0.708976)}
	{(5746.26, 0.231), (5788.65, 0.769)}
Peaks:
	Energy: 3159.52  Channel: 1254.52  Uncertaincy: 0.015367
	Energy: 5087.88  Channel: 1933.64  Uncertaincy: 0.0191141
	Energy: 5126.76  Channel: 1947.33  Uncertaincy: 0.0191141
	Energy: 5139.07  Channel: 1951.67  Uncertaincy: 0.0191141
	Energy: 5746.26  Channel: 2165.64  Uncertaincy: 0.0206584
	Energy: 5788.65  Channel: 2180.57  Uncertaincy: 0.0206584
Results: 
	Offset: -402.112 ± 2.55563
	Slope:  2.83913 ± 0.00132398
	Chi^2/ndf:  0.110521/4 = 0.0276302
Covariance matrix
	6.53125	-0.00334002
	-0.00334002	1.75292e-06
--------------------------------
Strip 4
--------------------------------
Deadlayer corrected source 
	{(3160.42, 1)}
	{(5088.56, 0.119615), (5127.43, 0.171409), (5139.75, 0.708976)}
	{(5746.89, 0.231), (5789.28, 0.769)}
Peaks:
	Energy: 3160.42  Channel: 1237.19  Uncertaincy: 0.0136258
	Energy: 5088.56  Channel: 1896.56  Uncertaincy: 0.017266
	Energy: 5127.43  Channel: 1909.86  Uncertaincy: 0.017266
	Energy: 5139.75  Channel: 1914.07  Uncertaincy: 0.017266
	Energy: 5746.89  Channel: 2121.78  Uncertaincy: 0.0179673
	Energy: 5789.28  Channel: 2136.27  Uncertaincy: 0.0179673
Results: 
	Offset: -457.05 ± 2.5811
	Slope:  2.92399 ± 0.00136345
	Chi^2/ndf:  0.0487037/4 = 0.0121759
Covariance matrix
	6.66208	-0.0034748
	-0.0034748	1.85901e-06
--------------------------------
Strip 5
--------------------------------
Deadlayer corrected source 
	{(3161.16, 1)}
	{(5089.13, 0.119615), (5128, 0.171409), (5140.31, 0.708976)}
	{(5747.42, 0.231), (5789.81, 0.769)}
Peaks:
	Energy: 3161.16  Channel: 1249.59  Uncertaincy: 0.014068
	Energy: 5089.13  Channel: 1924.17  Uncertaincy: 0.0175797
	Energy: 5128  Channel: 1937.77  Uncertaincy: 0.0175797
	Energy: 5140.31  Channel: 1942.08  Uncertaincy: 0.0175797
	Energy: 5747.42  Channel: 2154.48  Uncertaincy: 0.0187085
	Energy: 5789.81  Channel: 2169.31  Uncertaincy: 0.0187085
Results: 
	Offset: -410.246 ± 2.56001
	Slope:  2.85806 ± 0.00133282
	Chi^2/ndf:  0.00119952/4 = 0.00029988
Covariance matrix
	6.55365	-0.00336826
	-0.00336826	1.77641e-06
--------------------------------
Strip 6
--------------------------------
Deadlayer corrected source 
	{(3161.74, 1)}
	{(5089.57, 0.119615), (5128.44, 0.171409), (5140.75, 0.708976)}
	{(5747.83, 0.231), (5790.22, 0.769)}
Peaks:
	Energy: 3161.74  Channel: 1226.67  Uncertaincy: 0.0132403
	Energy: 5089.57  Channel: 1889.74  Uncertaincy: 0.0162568
	Energy: 5128.44  Channel: 1903.11  Uncertaincy: 0.0162568
	Energy: 5140.75  Channel: 1907.34  Uncertaincy: 0.0162568
	Energy: 5747.83  Channel: 2116.12  Uncertaincy: 0.0175217
	Energy: 5790.22  Channel: 2130.7  Uncertaincy: 0.0175217
Results: 
	Offset: -404.804 ± 2.55766
	Slope:  2.90749 ± 0.00135583
	Chi^2/ndf:  0.00661279/4 = 0.0016532
Covariance matrix
	6.5416	-0.0034232
	-0.0034232	1.83829e-06
--------------------------------
Strip 7
--------------------------------
Deadlayer corrected source 
	{(3162.14, 1)}
	{(5089.87, 0.119615), (5128.74, 0.171409), (5141.05, 0.708976)}
	{(5748.11, 0.231), (5790.49, 0.769)}
Peaks:
	Energy: 3162.14  Channel: 1276.35  Uncertaincy: 0.0132885
	Energy: 5089.87  Channel: 1946.17  Uncertaincy: 0.0170512
	Energy: 5128.74  Channel: 1959.68  Uncertaincy: 0.0170512
	Energy: 5141.05  Channel: 1963.95  Uncertaincy: 0.0170512
	Energy: 5748.11  Channel: 2174.9  Uncertaincy: 0.0183867
	Energy: 5790.49  Channel: 2189.63  Uncertaincy: 0.0183867
Results: 
	Offset: -511.071 ± 2.60688
	Slope:  2.87792 ± 0.00134214
	Chi^2/ndf:  0.0014004/4 = 0.000350099
Covariance matrix
	6.79582	-0.00345552
	-0.00345552	1.80133e-06
--------------------------------
Strip 8
--------------------------------
Deadlayer corrected source 
	{(3162.34, 1)}
	{(5090.02, 0.119615), (5128.89, 0.171409), (5141.2, 0.708976)}
	{(5748.25, 0.231), (5790.64, 0.769)}
Peaks:
	Energy: 3162.34  Channel: 1267.05  Uncertaincy: 0.0131038
	Energy: 5090.02  Channel: 1938.08  Uncertaincy: 0.0162416
	Energy: 5128.89  Channel: 1951.61  Uncertaincy: 0.0162416
	Energy: 5141.2  Channel: 1955.9  Uncertaincy: 0.0162416
	Energy: 5748.25  Channel: 2167.26  Uncertaincy: 0.0173604
	Energy: 5790.64  Channel: 2182.01  Uncertaincy: 0.0173604
Results: 
	Offset: -477.359 ± 2.59135
	Slope:  2.8726 ± 0.0013396
	Chi^2/ndf:  0.0153361/4 = 0.00383402
Covariance matrix
	6.71511	-0.00342794
	-0.00342794	1.79454e-06
--------------------------------
Strip 9
--------------------------------
Deadlayer corrected source 
	{(3162.34, 1)}
	{(5090.02, 0.119615), (5128.89, 0.171409), (5141.2, 0.708976)}
	{(5748.25, 0.231), (5790.64, 0.769)}
Peaks:
	Energy: 3162.34  Channel: 1293.9  Uncertaincy: 0.0138932
	Energy: 5090.02  Channel: 1970.83  Uncertaincy: 0.017247
	Energy: 5128.89  Channel: 1984.48  Uncertaincy: 0.017247
	Energy: 5141.2  Channel: 1988.8  Uncertaincy: 0.017247
	Energy: 5748.25  Channel: 2202.07  Uncertaincy: 0.0194238
	Energy: 5790.64  Channel: 2216.95  Uncertaincy: 0.0194238
Results: 
	Offset: -521.902 ± 2.61211
	Slope:  2.84745 ± 0.00132802
	Chi^2/ndf:  0.0640343/4 = 0.0160086
Covariance matrix
	6.82312	-0.0034262
	-0.0034262	1.76364e-06
--------------------------------
Strip 10
--------------------------------
Deadlayer corrected source 
	{(3162.14, 1)}
	{(5089.87, 0.119615), (5128.74, 0.171409), (5141.05, 0.708976)}
	{(5748.11, 0.231), (5790.49, 0.769)}
Peaks:
	Energy: 3162.14  Channel: 1252.55  Uncertaincy: 0.0150375
	Energy: 5089.87  Channel: 1921.37  Uncertaincy: 0.0184401
	Energy: 5128.74  Channel: 1934.86  Uncertaincy: 0.0184401
	Energy: 5141.05  Channel: 1939.13  Uncertaincy: 0.0184401
	Energy: 5748.11  Channel: 2149.74  Uncertaincy: 0.0217635
	Energy: 5790.49  Channel: 2164.45  Uncertaincy: 0.0217635
Results: 
	Offset: -448.074 ± 2.57857
	Slope:  2.88229 ± 0.00134458
	Chi^2/ndf:  0.000321584/4 = 8.0396e-05
Covariance matrix
	6.64901	-0.00342323
	-0.00342323	1.8079e-06
--------------------------------
Strip 11
--------------------------------
Deadlayer corrected source 
	{(3161.74, 1)}
	{(5089.57, 0.119615), (5128.44, 0.171409), (5140.75, 0.708976)}
	{(5747.83, 0.231), (5790.22, 0.769)}
Peaks:
	Energy: 3161.74  Channel: 1236.8  Uncertaincy: 0.0135961
	Energy: 5089.57  Channel: 1889.5  Uncertaincy: 0.0171366
	Energy: 5128.44  Channel: 1902.67  Uncertaincy: 0.0171366
	Energy: 5140.75  Channel: 1906.83  Uncertaincy: 0.0171366
	Energy: 5747.83  Channel: 2112.5  Uncertaincy: 0.0191918
	Energy: 5790.22  Channel: 2126.85  Uncertaincy: 0.0191918
Results: 
	Offset: -490.71 ± 2.59753
	Slope:  2.95323 ± 0.00137736
	Chi^2/ndf:  0.109598/4 = 0.0273995
Covariance matrix
	6.74716	-0.00353316
	-0.00353316	1.89713e-06
--------------------------------
Strip 12
--------------------------------
Deadlayer corrected source 
	{(3161.16, 1)}
	{(5089.13, 0.119615), (5128, 0.171409), (5140.31, 0.708976)}
	{(5747.42, 0.231), (5789.81, 0.769)}
Peaks:
	Energy: 3161.16  Channel: 1239.22  Uncertaincy: 0.01432
	Energy: 5089.13  Channel: 1906.53  Uncertaincy: 0.0180573
	Energy: 5128  Channel: 1919.98  Uncertaincy: 0.0180573
	Energy: 5140.31  Channel: 1924.25  Uncertaincy: 0.0180573
	Energy: 5747.42  Channel: 2134.35  Uncertaincy: 0.0201226
	Energy: 5789.81  Channel: 2149.02  Uncertaincy: 0.0201226
Results: 
	Offset: -419.266 ± 2.56438
	Slope:  2.88924 ± 0.0013475
	Chi^2/ndf:  0.00524441/4 = 0.0013111
Covariance matrix
	6.57602	-0.00341129
	-0.00341129	1.81575e-06
--------------------------------
Strip 13
--------------------------------
Deadlayer corrected source 
	{(3160.42, 1)}
	{(5088.56, 0.119615), (5127.43, 0.171409), (5139.75, 0.708976)}
	{(5746.89, 0.231), (5789.28, 0.769)}
Peaks:
	Energy: 3160.42  Channel: 1230.8  Uncertaincy: 0.0150927
	Energy: 5088.56  Channel: 1891.35  Uncertaincy: 0.0187781
	Energy: 5127.43  Channel: 1904.67  Uncertaincy: 0.0187781
	Energy: 5139.75  Channel: 1908.89  Uncertaincy: 0.0187781
	Energy: 5746.89  Channel: 2117  Uncertaincy: 0.0213413
	Energy: 5789.28  Channel: 2131.52  Uncertaincy: 0.0213413
Results: 
	Offset: -431.795 ± 2.57
	Slope:  2.91867 ± 0.0013613
	Chi^2/ndf:  0.0860119/4 = 0.021503
Covariance matrix
	6.60492	-0.00345399
	-0.00345399	1.85315e-06
--------------------------------
Strip 14
--------------------------------
Deadlayer corrected source 
	{(3159.52, 1)}
	{(5087.88, 0.119615), (5126.76, 0.171409), (5139.07, 0.708976)}
	{(5746.26, 0.231), (5788.65, 0.769)}
Peaks:
	Energy: 3159.52  Channel: 1245.13  Uncertaincy: 0.0153908
	Energy: 5087.88  Channel: 1906.83  Uncertaincy: 0.0190629
	Energy: 5126.76  Channel: 1920.17  Uncertaincy: 0.0190629
	Energy: 5139.07  Channel: 1924.4  Uncertaincy: 0.0190629
	Energy: 5746.26  Channel: 2132.8  Uncertaincy: 0.0217434
	Energy: 5788.65  Channel: 2147.35  Uncertaincy: 0.0217434
Results: 
	Offset: -468.899 ± 2.5866
	Slope:  2.91411 ± 0.00135909
	Chi^2/ndf:  0.0200176/4 = 0.00500439
Covariance matrix
	6.69049	-0.00347121
	-0.00347121	1.84712e-06
--------------------------------
Strip 15
--------------------------------
Deadlayer corrected source 
	{(3158.49, 1)}
	{(5087.1, 0.119615), (5125.98, 0.171409), (5138.29, 0.708976)}
	{(5745.53, 0.231), (5787.93, 0.769)}
Peaks:
	Energy: 3158.49  Channel: 1228.79  Uncertaincy: 0.0160307
	Energy: 5087.1  Channel: 1886.16  Uncertaincy: 0.0198259
	Energy: 5125.98  Channel: 1899.41  Uncertaincy: 0.0198259
	Energy: 5138.29  Channel: 1903.61  Uncertaincy: 0.0198259
	Energy: 5745.53  Channel: 2110.76  Uncertaincy: 0.0228821
	Energy: 5787.93  Channel: 2125.22  Uncertaincy: 0.0228821
Results: 
	Offset: -445.786 ± 2.57567
	Slope:  2.93332 ± 0.00136811
	Chi^2/ndf:  0.220944/4 = 0.0552361
Covariance matrix
	6.63409	-0.00347909
	-0.00347909	1.87171e-06
--------------------------------
Strip 16
--------------------------------
Deadlayer corrected source 
	{(3157.34, 1)}
	{(5086.23, 0.119615), (5125.11, 0.171409), (5137.43, 0.708976)}
	{(5744.72, 0.231), (5787.12, 0.769)}
Peaks:
	Energy: 3157.34  Channel: 1213.7  Uncertaincy: 0.0171935
	Energy: 5086.23  Channel: 1866.18  Uncertaincy: 0.021085
	Energy: 5125.11  Channel: 1879.33  Uncertaincy: 0.021085
	Energy: 5137.43  Channel: 1883.49  Uncertaincy: 0.021085
	Energy: 5744.72  Channel: 2088.77  Uncertaincy: 0.0242675
	Energy: 5787.12  Channel: 2103.11  Uncertaincy: 0.0242675
Results: 
	Offset: -431.303 ± 2.56865
	Slope:  2.95669 ± 0.00137905
	Chi^2/ndf:  0.176841/4 = 0.0442102
Covariance matrix
	6.59799	-0.0034971
	-0.0034971	1.90179e-06
======================================================
Calibrating Back
======================================================

--------------------------------
Strip 1
--------------------------------
Deadlayer corrected source 
	{(3157.34, 1)}
	{(5086.23, 0.119615), (5125.11, 0.171409), (5137.43, 0.708976)}
	{(5744.72, 0.231), (5787.12, 0.769)}
Peaks:
	Energy: 3157.34  Channel: 1347.48  Uncertaincy: 0.0161255
	Energy: 5086.23  Channel: 2085.27  Uncertaincy: 0.0207954
	Energy: 5125.11  Channel: 2100.14  Uncertaincy: 0.0207954
	Energy: 5137.43  Channel: 2104.85  Uncertaincy: 0.0207954
	Energy: 5744.72  Channel: 2337.07  Uncertaincy: 0.019512
	Energy: 5787.12  Channel: 2353.28  Uncertaincy: 0.019512
Results: 
	Offset: -365.815 ± 2.53722
	Slope:  2.61458 ± 0.00121878
	Chi^2/ndf:  0.0309602/4 = 0.00774005
Covariance matrix
	6.4375	-0.00305191
	-0.00305191	1.48542e-06
--------------------------------
Strip 2
--------------------------------
Deadlayer corrected source 
	{(3158.49, 1)}
	{(5087.1, 0.119615), (5125.98, 0.171409), (5138.29, 0.708976)}
	{(5745.53, 0.231), (5787.93, 0.769)}
Peaks:
	Energy: 3158.49  Channel: 1365.98  Uncertaincy: 0.0152618
	Energy: 5087.1  Channel: 2115.65  Uncertaincy: 0.019721
	Energy: 5125.98  Channel: 2130.77  Uncertaincy: 0.019721
	Energy: 5138.29  Channel: 2135.56  Uncertaincy: 0.019721
	Energy: 5745.53  Channel: 2371.91  Uncertaincy: 0.0191933
	Energy: 5787.93  Channel: 2388.39  Uncertaincy: 0.0191933
Results: 
	Offset: -354.455 ± 2.53245
	Slope:  2.57191 ± 0.00119891
	Chi^2/ndf:  0.533692/4 = 0.133423
Covariance matrix
	6.41332	-0.00299638
	-0.00299638	1.43739e-06
--------------------------------
Strip 3
--------------------------------
Deadlayer corrected source 
	{(3159.52, 1)}
	{(5087.88, 0.119615), (5126.76, 0.171409), (5139.07, 0.708976)}
	{(5746.26, 0.231), (5788.65, 0.769)}
Peaks:
	Energy: 3159.52  Channel: 1400.34  Uncertaincy: 0.0147959
	Energy: 5087.88  Channel: 2158.24  Uncertaincy: 0.019259
	Energy: 5126.76  Channel: 2173.52  Uncertaincy: 0.019259
	Energy: 5139.07  Channel: 2178.36  Uncertaincy: 0.019259
	Energy: 5746.26  Channel: 2417.18  Uncertaincy: 0.0182457
	Energy: 5788.65  Channel: 2433.85  Uncertaincy: 0.0182457
Results: 
	Offset: -402.764 ± 2.55525
	Slope:  2.54396 ± 0.00118597
	Chi^2/ndf:  0.174482/4 = 0.0436205
Covariance matrix
	6.52928	-0.00299143
	-0.00299143	1.40652e-06
--------------------------------
Strip 4
--------------------------------
Deadlayer corrected source 
	{(3160.42, 1)}
	{(5088.56, 0.119615), (5127.43, 0.171409), (5139.75, 0.708976)}
	{(5746.89, 0.231), (5789.28, 0.769)}
Peaks:
	Energy: 3160.42  Channel: 1391.1  Uncertaincy: 0.0144962
	Energy: 5088.56  Channel: 2158.47  Uncertaincy: 0.0185075
	Energy: 5127.43  Channel: 2173.95  Uncertaincy: 0.0185075
	Energy: 5139.75  Channel: 2178.85  Uncertaincy: 0.0185075
	Energy: 5746.89  Channel: 2420.77  Uncertaincy: 0.0180704
	Energy: 5789.28  Channel: 2437.65  Uncertaincy: 0.0180704
Results: 
	Offset: -333.884 ± 2.52369
	Slope:  2.51204 ± 0.00117101
	Chi^2/ndf:  0.437682/4 = 0.109421
Covariance matrix
	6.369	-0.00291626
	-0.00291626	1.37126e-06
--------------------------------
Strip 5
--------------------------------
Deadlayer corrected source 
	{(3161.16, 1)}
	{(5089.13, 0.119615), (5128, 0.171409), (5140.31, 0.708976)}
	{(5747.42, 0.231), (5789.81, 0.769)}
Peaks:
	Energy: 3161.16  Channel: 1405.11  Uncertaincy: 0.0137035
	Energy: 5089.13  Channel: 2162.74  Uncertaincy: 0.0180559
	Energy: 5128  Channel: 2178.02  Uncertaincy: 0.0180559
	Energy: 5140.31  Channel: 2182.86  Uncertaincy: 0.0180559
	Energy: 5747.42  Channel: 2421.73  Uncertaincy: 0.0170263
	Energy: 5789.81  Channel: 2438.4  Uncertaincy: 0.0170263
Results: 
	Offset: -413.32 ± 2.56046
	Slope:  2.54407 ± 0.00118592
	Chi^2/ndf:  0.488564/4 = 0.122141
Covariance matrix
	6.55598	-0.00299759
	-0.00299759	1.40641e-06
--------------------------------
Strip 6
--------------------------------
Deadlayer corrected source 
	{(3161.74, 1)}
	{(5089.57, 0.119615), (5128.44, 0.171409), (5140.75, 0.708976)}
	{(5747.83, 0.231), (5790.22, 0.769)}
Peaks:
	Energy: 3161.74  Channel: 1374.62  Uncertaincy: 0.0284807
	Energy: 5089.57  Channel: 2141.07  Uncertaincy: 0.0334566
	Energy: 5128.44  Channel: 2156.52  Uncertaincy: 0.0334566
	Energy: 5140.75  Channel: 2161.41  Uncertaincy: 0.0334566
	Energy: 5747.83  Channel: 2402.51  Uncertaincy: 0.0448326
	Energy: 5790.22  Channel: 2419.36  Uncertaincy: 0.0448326
Results: 
	Offset: -296.727 ± 2.51341
	Slope:  2.51582 ± 0.00117611
	Chi^2/ndf:  0.342026/4 = 0.0855064
Covariance matrix
	6.31725	-0.00291646
	-0.00291646	1.38323e-06
--------------------------------
Strip 7
--------------------------------
Deadlayer corrected source 
	{(3162.14, 1)}
	{(5089.87, 0.119615), (5128.74, 0.171409), (5141.05, 0.708976)}
	{(5748.11, 0.231), (5790.49, 0.769)}
Peaks:
	Energy: 3162.14  Channel: 1390.92  Uncertaincy: 0.0129556
	Energy: 5089.87  Channel: 2136.57  Uncertaincy: 0.0163313
	Energy: 5128.74  Channel: 2151.6  Uncertaincy: 0.0163313
	Energy: 5141.05  Channel: 2156.37  Uncertaincy: 0.0163313
	Energy: 5748.11  Channel: 2391.29  Uncertaincy: 0.0162169
	Energy: 5790.49  Channel: 2407.69  Uncertaincy: 0.0162169
Results: 
	Offset: -433.369 ± 2.57052
	Slope:  2.58505 ± 0.00120525
	Chi^2/ndf:  0.0689902/4 = 0.0172475
Covariance matrix
	6.60757	-0.00305872
	-0.00305872	1.45262e-06
--------------------------------
Strip 8
--------------------------------
Deadlayer corrected source 
	{(3162.34, 1)}
	{(5090.02, 0.119615), (5128.89, 0.171409), (5141.2, 0.708976)}
	{(5748.25, 0.231), (5790.64, 0.769)}
Peaks:
	Energy: 3162.34  Channel: 1406.46  Uncertaincy: 0.0130366
	Energy: 5090.02  Channel: 2160.55  Uncertaincy: 0.0171488
	Energy: 5128.89  Channel: 2175.76  Uncertaincy: 0.0171488
	Energy: 5141.2  Channel: 2180.58  Uncertaincy: 0.0171488
	Energy: 5748.25  Channel: 2418.32  Uncertaincy: 0.0159868
	Energy: 5790.64  Channel: 2434.9  Uncertaincy: 0.0159868
Results: 
	Offset: -431.989 ± 2.56991
	Slope:  2.55571 ± 0.00119155
	Chi^2/ndf:  0.389767/4 = 0.0974417
Covariance matrix
	6.60445	-0.00302322
	-0.00302322	1.41978e-06
--------------------------------
Strip 9
--------------------------------
Deadlayer corrected source 
	{(3162.34, 1)}
	{(5090.02, 0.119615), (5128.89, 0.171409), (5141.2, 0.708976)}
	{(5748.25, 0.231), (5790.64, 0.769)}
Peaks:
	Energy: 3162.34  Channel: 1386.44  Uncertaincy: 0.0130914
	Energy: 5090.02  Channel: 2137.88  Uncertaincy: 0.0167322
	Energy: 5128.89  Channel: 2153.04  Uncertaincy: 0.0167322
	Energy: 5141.2  Channel: 2157.84  Uncertaincy: 0.0167322
	Energy: 5748.25  Channel: 2394.64  Uncertaincy: 0.0157465
	Energy: 5790.64  Channel: 2411.17  Uncertaincy: 0.0157465
Results: 
	Offset: -393.631 ± 2.55219
	Slope:  2.56492 ± 0.0011958
	Chi^2/ndf:  0.152621/4 = 0.0381552
Covariance matrix
	6.51366	-0.00301254
	-0.00301254	1.42994e-06
--------------------------------
Strip 10
--------------------------------
Deadlayer corrected source 
	{(3162.14, 1)}
	{(5089.87, 0.119615), (5128.74, 0.171409), (5141.05, 0.708976)}
	{(5748.11, 0.231), (5790.49, 0.769)}
Peaks:
	Energy: 3162.14  Channel: 1412.06  Uncertaincy: 0.0131161
	Energy: 5089.87  Channel: 2165.09  Uncertaincy: 0.0168694
	Energy: 5128.74  Channel: 2180.28  Uncertaincy: 0.0168694
	Energy: 5141.05  Channel: 2185.09  Uncertaincy: 0.0168694
	Energy: 5748.11  Channel: 2422.4  Uncertaincy: 0.0158613
	Energy: 5790.49  Channel: 2438.96  Uncertaincy: 0.0158613
Results: 
	Offset: -451.968 ± 2.57902
	Slope:  2.55955 ± 0.00119333
	Chi^2/ndf:  0.18405/4 = 0.0460126
Covariance matrix
	6.65136	-0.00303875
	-0.00303875	1.42403e-06
--------------------------------
Strip 11
--------------------------------
Deadlayer corrected source 
	{(3161.74, 1)}
	{(5089.57, 0.119615), (5128.44, 0.171409), (5140.75, 0.708976)}
	{(5747.83, 0.231), (5790.22, 0.769)}
Peaks:
	Energy: 3161.74  Channel: 1353.96  Uncertaincy: 0.0131761
	Energy: 5089.57  Channel: 2095.58  Uncertaincy: 0.0163087
	Energy: 5128.44  Channel: 2110.54  Uncertaincy: 0.0163087
	Energy: 5140.75  Channel: 2115.27  Uncertaincy: 0.0163087
	Energy: 5747.83  Channel: 2348.97  Uncertaincy: 0.0159224
	Energy: 5790.22  Channel: 2365.28  Uncertaincy: 0.0159224
Results: 
	Offset: -357.209 ± 2.53503
	Slope:  2.5991 ± 0.00121165
	Chi^2/ndf:  0.145696/4 = 0.036424
Covariance matrix
	6.42638	-0.00303141
	-0.00303141	1.4681e-06
--------------------------------
Strip 12
--------------------------------
Deadlayer corrected source 
	{(3161.16, 1)}
	{(5089.13, 0.119615), (5128, 0.171409), (5140.31, 0.708976)}
	{(5747.42, 0.231), (5789.81, 0.769)}
Peaks:
	Energy: 3161.16  Channel: 1389.5  Uncertaincy: 0.0137773
	Energy: 5089.13  Channel: 2138.32  Uncertaincy: 0.0175855
	Energy: 5128  Channel: 2153.42  Uncertaincy: 0.0175855
	Energy: 5140.31  Channel: 2158.2  Uncertaincy: 0.0175855
	Energy: 5747.42  Channel: 2394.19  Uncertaincy: 0.0168459
	Energy: 5789.81  Channel: 2410.65  Uncertaincy: 0.0168459
Results: 
	Offset: -415.618 ± 2.5619
	Slope:  2.57425 ± 0.00120016
	Chi^2/ndf:  0.197398/4 = 0.0493494
Covariance matrix
	6.56331	-0.00303532
	-0.00303532	1.44038e-06
--------------------------------
Strip 13
--------------------------------
Deadlayer corrected source 
	{(3160.42, 1)}
	{(5088.56, 0.119615), (5127.43, 0.171409), (5139.75, 0.708976)}
	{(5746.89, 0.231), (5789.28, 0.769)}
Peaks:
	Energy: 3160.42  Channel: 1349.05  Uncertaincy: 0.0135965
	Energy: 5088.56  Channel: 2067.27  Uncertaincy: 0.0171585
	Energy: 5127.43  Channel: 2081.75  Uncertaincy: 0.0171585
	Energy: 5139.75  Channel: 2086.34  Uncertaincy: 0.0171585
	Energy: 5746.89  Channel: 2312.39  Uncertaincy: 0.016711
	Energy: 5789.28  Channel: 2328.18  Uncertaincy: 0.016711
Results: 
	Offset: -461.674 ± 2.58274
	Slope:  2.68486 ± 0.00125169
	Chi^2/ndf:  0.0672574/4 = 0.0168144
Covariance matrix
	6.67055	-0.00319206
	-0.00319206	1.56672e-06
--------------------------------
Strip 14
--------------------------------
Deadlayer corrected source 
	{(3159.52, 1)}
	{(5087.88, 0.119615), (5126.76, 0.171409), (5139.07, 0.708976)}
	{(5746.26, 0.231), (5788.65, 0.769)}
Peaks:
	Energy: 3159.52  Channel: 1390.5  Uncertaincy: 0.0144193
	Energy: 5087.88  Channel: 2141.08  Uncertaincy: 0.018875
	Energy: 5126.76  Channel: 2156.21  Uncertaincy: 0.018875
	Energy: 5139.07  Channel: 2161.01  Uncertaincy: 0.018875
	Energy: 5746.26  Channel: 2397.58  Uncertaincy: 0.0175305
	Energy: 5788.65  Channel: 2414.08  Uncertaincy: 0.0175305
Results: 
	Offset: -412.029 ± 2.55933
	Slope:  2.56865 ± 0.00119739
	Chi^2/ndf:  0.311442/4 = 0.0778605
Covariance matrix
	6.55015	-0.0030252
	-0.0030252	1.43375e-06
--------------------------------
Strip 15
--------------------------------
Deadlayer corrected source 
	{(3158.49, 1)}
	{(5087.1, 0.119615), (5125.98, 0.171409), (5138.29, 0.708976)}
	{(5745.53, 0.231), (5787.93, 0.769)}
Peaks:
	Energy: 3158.49  Channel: 1389.73  Uncertaincy: 0.0154358
	Energy: 5087.1  Channel: 2143.63  Uncertaincy: 0.0202744
	Energy: 5125.98  Channel: 2158.84  Uncertaincy: 0.0202744
	Energy: 5138.29  Channel: 2163.65  Uncertaincy: 0.0202744
	Energy: 5745.53  Channel: 2401.38  Uncertaincy: 0.0189001
	Energy: 5787.93  Channel: 2417.96  Uncertaincy: 0.0189001
Results: 
	Offset: -395.29 ± 2.55087
	Slope:  2.55736 ± 0.00119196
	Chi^2/ndf:  0.696839/4 = 0.17421
Covariance matrix
	6.50693	-0.00300124
	-0.00300124	1.42076e-06
--------------------------------
Strip 16
--------------------------------
Deadlayer corrected source 
	{(3157.34, 1)}
	{(5086.23, 0.119615), (5125.11, 0.171409), (5137.43, 0.708976)}
	{(5744.72, 0.231), (5787.12, 0.769)}
Peaks:
	Energy: 3157.34  Channel: 1337.1  Uncertaincy: 0.0194717
	Energy: 5086.23  Channel: 2069.12  Uncertaincy: 0.0229658
	Energy: 5125.11  Channel: 2083.88  Uncertaincy: 0.0229658
	Energy: 5137.43  Channel: 2088.55  Uncertaincy: 0.0229658
	Energy: 5744.72  Channel: 2319.14  Uncertaincy: 0.0265343
	Energy: 5787.12  Channel: 2335.23  Uncertaincy: 0.0265343
Results: 
	Offset: -365.494 ± 2.53832
	Slope:  2.63475 ± 0.00122886
	Chi^2/ndf:  0.0762355/4 = 0.0190589
Covariance matrix
	6.44306	-0.00307847
	-0.00307847	1.51009e-06
======================================================
