# AUSAlib version: 17.1
# Calibrator version: 2.0
# Calibrator arguments: Calibrator --eloss -d SU
# Input files: 
#	su.root
Current time is: 2022-04-13 17:00
======================================================

Starting calibration of SU
Source: 
	{(3182.69, 1)}
	{(5105.5, 0.119615), (5144.3, 0.171409), (5156.59, 0.708976)}
	{(5762.64, 0.231), (5804.96, 0.769)}
======================================================

Calibrating Front
======================================================

--------------------------------
Strip 1
--------------------------------
Deadlayer corrected source 
	{(3075.24, 1)}
	{(5024.09, 0.119615), (5063.25, 0.171409), (5075.66, 0.708976)}
	{(5687, 0.231), (5729.66, 0.769)}
Peaks:
	Energy: 3075.24  Channel: 1077.39  Uncertaincy: 0.0251344
	Energy: 5024.09  Channel: 1691.53  Uncertaincy: 0.0318485
	Energy: 5063.25  Channel: 1703.86  Uncertaincy: 0.0318485
	Energy: 5075.66  Channel: 1707.77  Uncertaincy: 0.0318485
	Energy: 5687  Channel: 1899.41  Uncertaincy: 0.0332977
	Energy: 5729.66  Channel: 1912.84  Uncertaincy: 0.0332977
Results: 
	Offset: -348.154 ± 2.48268
	Slope:  3.17667 ± 0.0014706
	Chi^2/ndf:  8.70666/4 = 2.17666
Covariance matrix
	6.16371	-0.00360085
	-0.00360085	2.16268e-06
--------------------------------
Strip 2
--------------------------------
Deadlayer corrected source 
	{(3075.2, 1)}
	{(5024.06, 0.119615), (5063.22, 0.171409), (5075.63, 0.708976)}
	{(5686.97, 0.231), (5729.63, 0.769)}
Peaks:
	Energy: 3075.2  Channel: 1060.6  Uncertaincy: 0.0247152
	Energy: 5024.06  Channel: 1674.13  Uncertaincy: 0.0316756
	Energy: 5063.22  Channel: 1686.44  Uncertaincy: 0.0316756
	Energy: 5075.63  Channel: 1690.35  Uncertaincy: 0.0316756
	Energy: 5686.97  Channel: 1881.9  Uncertaincy: 0.033265
	Energy: 5729.63  Channel: 1895.32  Uncertaincy: 0.033265
Results: 
	Offset: -297.78 ± 2.45959
	Slope:  3.17952 ± 0.00147188
	Chi^2/ndf:  7.0066/4 = 1.75165
Covariance matrix
	6.04958	-0.0035695
	-0.0035695	2.16643e-06
--------------------------------
Strip 3
--------------------------------
Deadlayer corrected source 
	{(3075.08, 1)}
	{(5023.96, 0.119615), (5063.13, 0.171409), (5075.53, 0.708976)}
	{(5686.89, 0.231), (5729.55, 0.769)}
Peaks:
	Energy: 3075.08  Channel: 1069.81  Uncertaincy: 0.0255324
	Energy: 5023.96  Channel: 1678.48  Uncertaincy: 0.0311598
	Energy: 5063.13  Channel: 1690.71  Uncertaincy: 0.0311598
	Energy: 5075.53  Channel: 1694.58  Uncertaincy: 0.0311598
	Energy: 5686.89  Channel: 1884.74  Uncertaincy: 0.034426
	Energy: 5729.55  Channel: 1898.06  Uncertaincy: 0.034426
Results: 
	Offset: -353.771 ± 2.48241
	Slope:  3.20447 ± 0.00148191
	Chi^2/ndf:  5.19954/4 = 1.29988
Covariance matrix
	6.16238	-0.00362811
	-0.00362811	2.19604e-06
--------------------------------
Strip 4
--------------------------------
Deadlayer corrected source 
	{(3074.88, 1)}
	{(5023.82, 0.119615), (5062.98, 0.171409), (5075.39, 0.708976)}
	{(5686.75, 0.231), (5729.41, 0.769)}
Peaks:
	Energy: 3074.88  Channel: 1145.34  Uncertaincy: 0.0282986
	Energy: 5023.82  Channel: 1803.37  Uncertaincy: 0.0354916
	Energy: 5062.98  Channel: 1816.59  Uncertaincy: 0.0354916
	Energy: 5075.39  Channel: 1820.77  Uncertaincy: 0.0354916
	Energy: 5686.75  Channel: 2026.38  Uncertaincy: 0.0389291
	Energy: 5729.41  Channel: 2040.78  Uncertaincy: 0.0389291
Results: 
	Offset: -320.699 ± 2.47147
	Slope:  2.96412 ± 0.00137309
	Chi^2/ndf:  4.82104/4 = 1.20526
Covariance matrix
	6.10814	-0.00334641
	-0.00334641	1.88538e-06
--------------------------------
Strip 5
--------------------------------
Deadlayer corrected source 
	{(3074.61, 1)}
	{(5023.61, 0.119615), (5062.78, 0.171409), (5075.19, 0.708976)}
	{(5686.56, 0.231), (5729.22, 0.769)}
Peaks:
	Energy: 3074.61  Channel: 1080.68  Uncertaincy: 0.0263612
	Energy: 5023.61  Channel: 1690.73  Uncertaincy: 0.0322173
	Energy: 5062.78  Channel: 1702.98  Uncertaincy: 0.0322173
	Energy: 5075.19  Channel: 1706.86  Uncertaincy: 0.0322173
	Energy: 5686.56  Channel: 1897.23  Uncertaincy: 0.0346309
	Energy: 5729.22  Channel: 1910.57  Uncertaincy: 0.0346309
Results: 
	Offset: -382.498 ± 2.49997
	Slope:  3.1982 ± 0.00148165
	Chi^2/ndf:  8.40293/4 = 2.10073
Covariance matrix
	6.24984	-0.00365383
	-0.00365383	2.19529e-06
--------------------------------
Strip 6
--------------------------------
Deadlayer corrected source 
	{(3074.29, 1)}
	{(5023.37, 0.119615), (5062.54, 0.171409), (5074.94, 0.708976)}
	{(5686.33, 0.231), (5729, 0.769)}
Peaks:
	Energy: 3074.29  Channel: 1078.83  Uncertaincy: 0.0265787
	Energy: 5023.37  Channel: 1706.73  Uncertaincy: 0.0330282
	Energy: 5062.54  Channel: 1719.33  Uncertaincy: 0.0330282
	Energy: 5074.94  Channel: 1723.32  Uncertaincy: 0.0330282
	Energy: 5686.33  Channel: 1919.21  Uncertaincy: 0.035599
	Energy: 5729  Channel: 1932.94  Uncertaincy: 0.035599
Results: 
	Offset: -279.221 ± 2.4513
	Slope:  3.10761 ± 0.00143891
	Chi^2/ndf:  9.33585/4 = 2.33396
Covariance matrix
	6.00885	-0.00347742
	-0.00347742	2.07047e-06
--------------------------------
Strip 7
--------------------------------
Deadlayer corrected source 
	{(3073.92, 1)}
	{(5023.09, 0.119615), (5062.26, 0.171409), (5074.67, 0.708976)}
	{(5686.08, 0.231), (5728.74, 0.769)}
Peaks:
	Energy: 3073.92  Channel: 1072.22  Uncertaincy: 0.025365
	Energy: 5023.09  Channel: 1679.26  Uncertaincy: 0.0301801
	Energy: 5062.26  Channel: 1691.45  Uncertaincy: 0.0301801
	Energy: 5074.67  Channel: 1695.32  Uncertaincy: 0.0301801
	Energy: 5686.08  Channel: 1885  Uncertaincy: 0.0328549
	Energy: 5728.74  Channel: 1898.28  Uncertaincy: 0.0328549
Results: 
	Offset: -372.239 ± 2.49382
	Slope:  3.21344 ± 0.00148794
	Chi^2/ndf:  4.65111/4 = 1.16278
Covariance matrix
	6.21914	-0.00366012
	-0.00366012	2.21397e-06
--------------------------------
Strip 8
--------------------------------
Deadlayer corrected source 
	{(3073.52, 1)}
	{(5022.79, 0.119615), (5061.96, 0.171409), (5074.37, 0.708976)}
	{(5685.8, 0.231), (5728.47, 0.769)}
Peaks:
	Energy: 3073.52  Channel: 1123.84  Uncertaincy: 0.0270001
	Energy: 5022.79  Channel: 1777.76  Uncertaincy: 0.0330418
	Energy: 5061.96  Channel: 1790.88  Uncertaincy: 0.0330418
	Energy: 5074.37  Channel: 1795.04  Uncertaincy: 0.0330418
	Energy: 5685.8  Channel: 1999.19  Uncertaincy: 0.0350036
	Energy: 5728.47  Channel: 2013.49  Uncertaincy: 0.0350036
Results: 
	Offset: -280.569 ± 2.44909
	Slope:  2.98378 ± 0.00138009
	Chi^2/ndf:  7.00753/4 = 1.75188
Covariance matrix
	5.99805	-0.00333222
	-0.00333222	1.90465e-06
--------------------------------
Strip 9
--------------------------------
Deadlayer corrected source 
	{(3073.11, 1)}
	{(5022.48, 0.119615), (5061.65, 0.171409), (5074.06, 0.708976)}
	{(5685.51, 0.231), (5728.18, 0.769)}
Peaks:
	Energy: 3073.11  Channel: 1075.84  Uncertaincy: 0.0306257
	Energy: 5022.48  Channel: 1698.03  Uncertaincy: 0.0351463
	Energy: 5061.65  Channel: 1710.52  Uncertaincy: 0.0351463
	Energy: 5074.06  Channel: 1714.48  Uncertaincy: 0.0351463
	Energy: 5685.51  Channel: 1908.65  Uncertaincy: 0.0425626
	Energy: 5728.18  Channel: 1922.26  Uncertaincy: 0.0425626
Results: 
	Offset: -301.856 ± 2.46061
	Slope:  3.13628 ± 0.00145209
	Chi^2/ndf:  7.98406/4 = 1.99601
Covariance matrix
	6.05462	-0.00352284
	-0.00352284	2.10857e-06
--------------------------------
Strip 10
--------------------------------
Deadlayer corrected source 
	{(3072.7, 1)}
	{(5022.17, 0.119615), (5061.35, 0.171409), (5073.75, 0.708976)}
	{(5685.22, 0.231), (5727.89, 0.769)}
Peaks:
	Energy: 3072.7  Channel: 1068.12  Uncertaincy: 0.0261103
	Energy: 5022.17  Channel: 1669.05  Uncertaincy: 0.0316685
	Energy: 5061.35  Channel: 1681.12  Uncertaincy: 0.0316685
	Energy: 5073.75  Channel: 1684.94  Uncertaincy: 0.0316685
	Energy: 5685.22  Channel: 1872.51  Uncertaincy: 0.0331056
	Energy: 5727.89  Channel: 1885.65  Uncertaincy: 0.0331056
Results: 
	Offset: -396.646 ± 2.50449
	Slope:  3.24731 ± 0.00150359
	Chi^2/ndf:  7.40851/4 = 1.85213
Covariance matrix
	6.27246	-0.00371483
	-0.00371483	2.26077e-06
--------------------------------
Strip 11
--------------------------------
Deadlayer corrected source 
	{(3072.31, 1)}
	{(5021.88, 0.119615), (5061.05, 0.171409), (5073.46, 0.708976)}
	{(5684.95, 0.231), (5727.62, 0.769)}
Peaks:
	Energy: 3072.31  Channel: 1081.34  Uncertaincy: 0.026044
	Energy: 5021.88  Channel: 1692.67  Uncertaincy: 0.0334825
	Energy: 5061.05  Channel: 1704.94  Uncertaincy: 0.0334825
	Energy: 5073.46  Channel: 1708.83  Uncertaincy: 0.0334825
	Energy: 5684.95  Channel: 1899.69  Uncertaincy: 0.0348617
	Energy: 5727.62  Channel: 1913.06  Uncertaincy: 0.0348617
Results: 
	Offset: -380.216 ± 2.49699
	Slope:  3.19209 ± 0.00147818
	Chi^2/ndf:  6.68372/4 = 1.67093
Covariance matrix
	6.23496	-0.00364079
	-0.00364079	2.18502e-06
--------------------------------
Strip 12
--------------------------------
Deadlayer corrected source 
	{(3071.95, 1)}
	{(5021.61, 0.119615), (5060.78, 0.171409), (5073.19, 0.708976)}
	{(5684.7, 0.231), (5727.37, 0.769)}
Peaks:
	Energy: 3071.95  Channel: 1134.5  Uncertaincy: 0.0270863
	Energy: 5021.61  Channel: 1778.51  Uncertaincy: 0.0330393
	Energy: 5060.78  Channel: 1791.44  Uncertaincy: 0.0330393
	Energy: 5073.19  Channel: 1795.54  Uncertaincy: 0.0330393
	Energy: 5684.7  Channel: 1996.71  Uncertaincy: 0.0365697
	Energy: 5727.37  Channel: 2010.8  Uncertaincy: 0.0365697
Results: 
	Offset: -366.091 ± 2.49404
	Slope:  3.02985 ± 0.00140504
	Chi^2/ndf:  5.15556/4 = 1.28889
Covariance matrix
	6.22024	-0.00345647
	-0.00345647	1.97414e-06
--------------------------------
Strip 13
--------------------------------
Deadlayer corrected source 
	{(3071.63, 1)}
	{(5021.37, 0.119615), (5060.54, 0.171409), (5072.95, 0.708976)}
	{(5684.47, 0.231), (5727.15, 0.769)}
Peaks:
	Energy: 3071.63  Channel: 1103.71  Uncertaincy: 0.0285838
	Energy: 5021.37  Channel: 1718.92  Uncertaincy: 0.0340127
	Energy: 5060.54  Channel: 1731.27  Uncertaincy: 0.0340127
	Energy: 5072.95  Channel: 1735.18  Uncertaincy: 0.0340127
	Energy: 5684.47  Channel: 1927.61  Uncertaincy: 0.0351785
	Energy: 5727.15  Channel: 1941.07  Uncertaincy: 0.0351785
Results: 
	Offset: -428.74 ± 2.5152
	Slope:  3.17103 ± 0.00146628
	Chi^2/ndf:  2.39006/4 = 0.597515
Covariance matrix
	6.32625	-0.00363853
	-0.00363853	2.14997e-06
--------------------------------
Strip 14
--------------------------------
Deadlayer corrected source 
	{(3071.37, 1)}
	{(5021.17, 0.119615), (5060.35, 0.171409), (5072.76, 0.708976)}
	{(5684.29, 0.231), (5726.97, 0.769)}
Peaks:
	Energy: 3071.37  Channel: 1064.78  Uncertaincy: 0.0263158
	Energy: 5021.17  Channel: 1669.37  Uncertaincy: 0.033747
	Energy: 5060.35  Channel: 1681.51  Uncertaincy: 0.033747
	Energy: 5072.76  Channel: 1685.36  Uncertaincy: 0.033747
	Energy: 5684.29  Channel: 1874.35  Uncertaincy: 0.0336899
	Energy: 5726.97  Channel: 1887.57  Uncertaincy: 0.0336899
Results: 
	Offset: -365.41 ± 2.48663
	Slope:  3.22717 ± 0.00149245
	Chi^2/ndf:  3.5673/4 = 0.891825
Covariance matrix
	6.18335	-0.00366027
	-0.00366027	2.22742e-06
--------------------------------
Strip 15
--------------------------------
Deadlayer corrected source 
	{(3071.18, 1)}
	{(5021.03, 0.119615), (5060.21, 0.171409), (5072.62, 0.708976)}
	{(5684.16, 0.231), (5726.83, 0.769)}
Peaks:
	Energy: 3071.18  Channel: 1072  Uncertaincy: 0.0251776
	Energy: 5021.03  Channel: 1672.61  Uncertaincy: 0.0305135
	Energy: 5060.21  Channel: 1684.68  Uncertaincy: 0.0305135
	Energy: 5072.62  Channel: 1688.5  Uncertaincy: 0.0305135
	Energy: 5684.16  Channel: 1876.37  Uncertaincy: 0.0340456
	Energy: 5726.83  Channel: 1889.51  Uncertaincy: 0.0340456
Results: 
	Offset: -411.287 ± 2.50998
	Slope:  3.24816 ± 0.00150366
	Chi^2/ndf:  2.23345/4 = 0.558362
Covariance matrix
	6.3	-0.00372338
	-0.00372338	2.26099e-06
--------------------------------
Strip 16
--------------------------------
Deadlayer corrected source 
	{(3071.06, 1)}
	{(5020.94, 0.119615), (5060.12, 0.171409), (5072.53, 0.708976)}
	{(5684.08, 0.231), (5726.75, 0.769)}
Peaks:
	Energy: 3071.06  Channel: 1077.92  Uncertaincy: 0.0263107
	Energy: 5020.94  Channel: 1700.15  Uncertaincy: 0.033031
	Energy: 5060.12  Channel: 1712.65  Uncertaincy: 0.033031
	Energy: 5072.53  Channel: 1716.6  Uncertaincy: 0.033031
	Energy: 5684.08  Channel: 1910.93  Uncertaincy: 0.0345981
	Energy: 5726.75  Channel: 1924.54  Uncertaincy: 0.0345981
Results: 
	Offset: -310.41 ± 2.46704
	Slope:  3.13637 ± 0.0014537
	Chi^2/ndf:  5.64057/4 = 1.41014
Covariance matrix
	6.08631	-0.00353638
	-0.00353638	2.11325e-06
--------------------------------
Strip 17
--------------------------------
Deadlayer corrected source 
	{(3071.03, 1)}
	{(5020.91, 0.119615), (5060.09, 0.171409), (5072.5, 0.708976)}
	{(5684.05, 0.231), (5726.72, 0.769)}
Peaks:
	Energy: 3071.03  Channel: 1090.48  Uncertaincy: 0.0295958
	Energy: 5020.91  Channel: 1698.08  Uncertaincy: 0.0353549
	Energy: 5060.09  Channel: 1710.28  Uncertaincy: 0.0353549
	Energy: 5072.5  Channel: 1714.15  Uncertaincy: 0.0353549
	Energy: 5684.05  Channel: 1904.05  Uncertaincy: 0.036503
	Energy: 5726.72  Channel: 1917.34  Uncertaincy: 0.036503
Results: 
	Offset: -431.563 ± 2.52206
	Slope:  3.21143 ± 0.0014883
	Chi^2/ndf:  3.80709/4 = 0.951772
Covariance matrix
	6.36078	-0.00370346
	-0.00370346	2.21504e-06
--------------------------------
Strip 18
--------------------------------
Deadlayer corrected source 
	{(3071.06, 1)}
	{(5020.94, 0.119615), (5060.12, 0.171409), (5072.53, 0.708976)}
	{(5684.08, 0.231), (5726.75, 0.769)}
Peaks:
	Energy: 3071.06  Channel: 1023.89  Uncertaincy: 0.0293616
	Energy: 5020.94  Channel: 1598.21  Uncertaincy: 0.0386799
	Energy: 5060.12  Channel: 1609.74  Uncertaincy: 0.0386799
	Energy: 5072.53  Channel: 1613.39  Uncertaincy: 0.0386799
	Energy: 5684.08  Channel: 1792.7  Uncertaincy: 0.0343543
	Energy: 5726.75  Channel: 1805.26  Uncertaincy: 0.0343543
Results: 
	Offset: -409.106 ± 2.5129
	Slope:  3.39823 ± 0.00157552
	Chi^2/ndf:  6.46688/4 = 1.61672
Covariance matrix
	6.31466	-0.00390573
	-0.00390573	2.48225e-06
--------------------------------
Strip 19
--------------------------------
Deadlayer corrected source 
	{(3071.18, 1)}
	{(5021.03, 0.119615), (5060.21, 0.171409), (5072.62, 0.708976)}
	{(5684.16, 0.231), (5726.83, 0.769)}
Peaks:
	Energy: 3071.18  Channel: 1084.66  Uncertaincy: 0.0297324
	Energy: 5021.03  Channel: 1687.85  Uncertaincy: 0.0340938
	Energy: 5060.21  Channel: 1699.97  Uncertaincy: 0.0340938
	Energy: 5072.62  Channel: 1703.81  Uncertaincy: 0.0340938
	Energy: 5684.16  Channel: 1892.68  Uncertaincy: 0.0356823
	Energy: 5726.83  Channel: 1905.88  Uncertaincy: 0.0356823
Results: 
	Offset: -436.493 ± 2.52478
	Slope:  3.23363 ± 0.00149879
	Chi^2/ndf:  0.831435/4 = 0.207859
Covariance matrix
	6.37451	-0.0037337
	-0.0037337	2.24636e-06
--------------------------------
Strip 20
--------------------------------
Deadlayer corrected source 
	{(3071.37, 1)}
	{(5021.17, 0.119615), (5060.35, 0.171409), (5072.76, 0.708976)}
	{(5684.29, 0.231), (5726.97, 0.769)}
Peaks:
	Energy: 3071.37  Channel: 1120.58  Uncertaincy: 0.029641
	Energy: 5021.17  Channel: 1752.43  Uncertaincy: 0.0338575
	Energy: 5060.35  Channel: 1765.12  Uncertaincy: 0.0338575
	Energy: 5072.76  Channel: 1769.13  Uncertaincy: 0.0338575
	Energy: 5684.29  Channel: 1966.82  Uncertaincy: 0.0361331
	Energy: 5726.97  Channel: 1980.64  Uncertaincy: 0.0361331
Results: 
	Offset: -388.731 ± 2.50083
	Slope:  3.08741 ± 0.00142978
	Chi^2/ndf:  1.89758/4 = 0.474396
Covariance matrix
	6.25414	-0.00352713
	-0.00352713	2.04426e-06
--------------------------------
Strip 21
--------------------------------
Deadlayer corrected source 
	{(3071.63, 1)}
	{(5021.37, 0.119615), (5060.54, 0.171409), (5072.95, 0.708976)}
	{(5684.47, 0.231), (5727.15, 0.769)}
Peaks:
	Energy: 3071.63  Channel: 1101.24  Uncertaincy: 0.0319039
	Energy: 5021.37  Channel: 1725.44  Uncertaincy: 0.0387959
	Energy: 5060.54  Channel: 1737.97  Uncertaincy: 0.0387959
	Energy: 5072.95  Channel: 1741.94  Uncertaincy: 0.0387959
	Energy: 5684.47  Channel: 1936.83  Uncertaincy: 0.0381216
	Energy: 5727.15  Channel: 1950.48  Uncertaincy: 0.0381216
Results: 
	Offset: -372.107 ± 2.49625
	Slope:  3.12645 ± 0.00144957
	Chi^2/ndf:  6.42735/4 = 1.60684
Covariance matrix
	6.23126	-0.00356909
	-0.00356909	2.10125e-06
--------------------------------
Strip 22
--------------------------------
Deadlayer corrected source 
	{(3071.95, 1)}
	{(5021.61, 0.119615), (5060.78, 0.171409), (5073.19, 0.708976)}
	{(5684.7, 0.231), (5727.37, 0.769)}
Peaks:
	Energy: 3071.95  Channel: 1124.05  Uncertaincy: 0.031817
	Energy: 5021.61  Channel: 1764.94  Uncertaincy: 0.038365
	Energy: 5060.78  Channel: 1777.81  Uncertaincy: 0.038365
	Energy: 5073.19  Channel: 1781.88  Uncertaincy: 0.038365
	Energy: 5684.7  Channel: 1982.03  Uncertaincy: 0.0388708
	Energy: 5727.37  Channel: 1996.05  Uncertaincy: 0.0388708
Results: 
	Offset: -351.271 ± 2.48634
	Slope:  3.04478 ± 0.00141145
	Chi^2/ndf:  5.73224/4 = 1.43306
Covariance matrix
	6.18189	-0.00346108
	-0.00346108	1.99218e-06
--------------------------------
Strip 23
--------------------------------
Deadlayer corrected source 
	{(3072.31, 1)}
	{(5021.88, 0.119615), (5061.05, 0.171409), (5073.46, 0.708976)}
	{(5684.95, 0.231), (5727.62, 0.769)}
Peaks:
	Energy: 3072.31  Channel: 1118.57  Uncertaincy: 0.0308777
	Energy: 5021.88  Channel: 1735.56  Uncertaincy: 0.0354612
	Energy: 5061.05  Channel: 1747.95  Uncertaincy: 0.0354612
	Energy: 5073.46  Channel: 1751.87  Uncertaincy: 0.0354612
	Energy: 5684.95  Channel: 1944.59  Uncertaincy: 0.0377112
	Energy: 5727.62  Channel: 1958.08  Uncertaincy: 0.0377112
Results: 
	Offset: -465.865 ± 2.53893
	Slope:  3.16249 ± 0.00146604
	Chi^2/ndf:  5.36565/4 = 1.34141
Covariance matrix
	6.44615	-0.00367313
	-0.00367313	2.14928e-06
--------------------------------
Strip 24
--------------------------------
Deadlayer corrected source 
	{(3072.7, 1)}
	{(5022.17, 0.119615), (5061.35, 0.171409), (5073.75, 0.708976)}
	{(5685.22, 0.231), (5727.89, 0.769)}
Peaks:
	Energy: 3072.7  Channel: 1079.82  Uncertaincy: 0.0304941
	Energy: 5022.17  Channel: 1705.89  Uncertaincy: 0.0444535
	Energy: 5061.35  Channel: 1718.46  Uncertaincy: 0.0444535
	Energy: 5073.75  Channel: 1722.44  Uncertaincy: 0.0444535
	Energy: 5685.22  Channel: 1918.01  Uncertaincy: 0.0374663
	Energy: 5727.89  Channel: 1931.7  Uncertaincy: 0.0374663
Results: 
	Offset: -293.146 ± 2.45893
	Slope:  3.11642 ± 0.00144404
	Chi^2/ndf:  5.25657/4 = 1.31414
Covariance matrix
	6.04632	-0.00350074
	-0.00350074	2.08526e-06
--------------------------------
Strip 25
--------------------------------
Deadlayer corrected source 
	{(3073.11, 1)}
	{(5022.48, 0.119615), (5061.65, 0.171409), (5074.06, 0.708976)}
	{(5685.51, 0.231), (5728.18, 0.769)}
Peaks:
	Energy: 3073.11  Channel: 1112.82  Uncertaincy: 0.0274307
	Energy: 5022.48  Channel: 1723.24  Uncertaincy: 0.0339619
	Energy: 5061.65  Channel: 1735.5  Uncertaincy: 0.0339619
	Energy: 5074.06  Channel: 1739.38  Uncertaincy: 0.0339619
	Energy: 5685.51  Channel: 1930.04  Uncertaincy: 0.0363179
	Energy: 5728.18  Channel: 1943.39  Uncertaincy: 0.0363179
Results: 
	Offset: -484.431 ± 2.54598
	Slope:  3.19623 ± 0.00148077
	Chi^2/ndf:  5.61341/4 = 1.40335
Covariance matrix
	6.48203	-0.00372065
	-0.00372065	2.19267e-06
--------------------------------
Strip 26
--------------------------------
Deadlayer corrected source 
	{(3073.52, 1)}
	{(5022.79, 0.119615), (5061.96, 0.171409), (5074.37, 0.708976)}
	{(5685.8, 0.231), (5728.47, 0.769)}
Peaks:
	Energy: 3073.52  Channel: 1057.11  Uncertaincy: 0.0285147
	Energy: 5022.79  Channel: 1666.38  Uncertaincy: 0.0327694
	Energy: 5061.96  Channel: 1678.61  Uncertaincy: 0.0327694
	Energy: 5074.37  Channel: 1682.49  Uncertaincy: 0.0327694
	Energy: 5685.8  Channel: 1872.74  Uncertaincy: 0.0365143
	Energy: 5728.47  Channel: 1886.07  Uncertaincy: 0.0365143
Results: 
	Offset: -312.363 ± 2.49079
	Slope:  3.20225 ± 0.00149726
	Chi^2/ndf:  6.30527/4 = 1.57632
Covariance matrix
	6.20403	-0.00367833
	-0.00367833	2.2418e-06
--------------------------------
Strip 27
--------------------------------
Deadlayer corrected source 
	{(3073.92, 1)}
	{(5023.09, 0.119615), (5062.26, 0.171409), (5074.67, 0.708976)}
	{(5686.08, 0.231), (5728.74, 0.769)}
Peaks:
	Energy: 3073.92  Channel: 1055.08  Uncertaincy: 0.0274883
	Energy: 5023.09  Channel: 1629.91  Uncertaincy: 0.0330499
	Energy: 5062.26  Channel: 1641.45  Uncertaincy: 0.0330499
	Energy: 5074.67  Channel: 1645.1  Uncertaincy: 0.0330499
	Energy: 5686.08  Channel: 1824.58  Uncertaincy: 0.0352427
	Energy: 5728.74  Channel: 1837.15  Uncertaincy: 0.0352427
Results: 
	Offset: -507.906 ± 2.55781
	Slope:  3.39409 ± 0.00157294
	Chi^2/ndf:  6.722/4 = 1.6805
Covariance matrix
	6.54237	-0.00397104
	-0.00397104	2.47413e-06
--------------------------------
Strip 28
--------------------------------
Deadlayer corrected source 
	{(3074.29, 1)}
	{(5023.37, 0.119615), (5062.54, 0.171409), (5074.94, 0.708976)}
	{(5686.33, 0.231), (5729, 0.769)}
Peaks:
	Energy: 3074.29  Channel: 1171.97  Uncertaincy: 0.0323887
	Energy: 5023.37  Channel: 1844.81  Uncertaincy: 0.0384206
	Energy: 5062.54  Channel: 1858.32  Uncertaincy: 0.0384206
	Energy: 5074.94  Channel: 1862.6  Uncertaincy: 0.0384206
	Energy: 5686.33  Channel: 2072.56  Uncertaincy: 0.0404007
	Energy: 5729  Channel: 2087.28  Uncertaincy: 0.0404007
Results: 
	Offset: -325.139 ± 2.47028
	Slope:  2.89986 ± 0.00134167
	Chi^2/ndf:  8.40862/4 = 2.10215
Covariance matrix
	6.10229	-0.00326816
	-0.00326816	1.80007e-06
--------------------------------
Strip 29
--------------------------------
Deadlayer corrected source 
	{(3074.61, 1)}
	{(5023.61, 0.119615), (5062.78, 0.171409), (5075.19, 0.708976)}
	{(5686.56, 0.231), (5729.22, 0.769)}
Peaks:
	Energy: 3074.61  Channel: 1105.21  Uncertaincy: 0.0281719
	Energy: 5023.61  Channel: 1721.45  Uncertaincy: 0.0338518
	Energy: 5062.78  Channel: 1733.82  Uncertaincy: 0.0338518
	Energy: 5075.19  Channel: 1737.74  Uncertaincy: 0.0338518
	Energy: 5686.56  Channel: 1930.31  Uncertaincy: 0.0378618
	Energy: 5729.22  Channel: 1943.79  Uncertaincy: 0.0378618
Results: 
	Offset: -424.22 ± 2.51909
	Slope:  3.16519 ± 0.00146649
	Chi^2/ndf:  4.63287/4 = 1.15822
Covariance matrix
	6.3458	-0.00364481
	-0.00364481	2.1506e-06
--------------------------------
Strip 30
--------------------------------
Deadlayer corrected source 
	{(3074.88, 1)}
	{(5023.82, 0.119615), (5062.98, 0.171409), (5075.39, 0.708976)}
	{(5686.75, 0.231), (5729.41, 0.769)}
Peaks:
	Energy: 3074.88  Channel: 1055.94  Uncertaincy: 0.0264228
	Energy: 5023.82  Channel: 1648.09  Uncertaincy: 0.0327307
	Energy: 5062.98  Channel: 1659.98  Uncertaincy: 0.0327307
	Energy: 5075.39  Channel: 1663.75  Uncertaincy: 0.0327307
	Energy: 5686.75  Channel: 1848.88  Uncertaincy: 0.035208
	Energy: 5729.41  Channel: 1861.84  Uncertaincy: 0.035208
Results: 
	Offset: -403.452 ± 2.4867
	Slope:  3.29353 ± 0.0015123
	Chi^2/ndf:  3.47239/4 = 0.868097
Covariance matrix
	6.18368	-0.00370905
	-0.00370905	2.28706e-06
--------------------------------
Strip 31
--------------------------------
Deadlayer corrected source 
	{(3075.08, 1)}
	{(5023.96, 0.119615), (5063.13, 0.171409), (5075.53, 0.708976)}
	{(5686.89, 0.231), (5729.55, 0.769)}
Peaks:
	Energy: 3075.08  Channel: 1140.29  Uncertaincy: 0.0279534
	Energy: 5023.96  Channel: 1778.94  Uncertaincy: 0.0341111
	Energy: 5063.13  Channel: 1791.76  Uncertaincy: 0.0341111
	Energy: 5075.53  Channel: 1795.83  Uncertaincy: 0.0341111
	Energy: 5686.89  Channel: 1995.61  Uncertaincy: 0.0377547
	Energy: 5729.55  Channel: 2009.59  Uncertaincy: 0.0377547
Results: 
	Offset: -407.006 ± 2.51146
	Slope:  3.05329 ± 0.00141465
	Chi^2/ndf:  2.40592/4 = 0.60148
Covariance matrix
	6.30745	-0.00350507
	-0.00350507	2.00124e-06
--------------------------------
Strip 32
--------------------------------
Deadlayer corrected source 
	{(3075.2, 1)}
	{(5024.06, 0.119615), (5063.22, 0.171409), (5075.63, 0.708976)}
	{(5686.97, 0.231), (5729.63, 0.769)}
Peaks:
	Energy: 3075.2  Channel: 1151.23  Uncertaincy: 0.0281612
	Energy: 5024.06  Channel: 1788.33  Uncertaincy: 0.0342574
	Energy: 5063.22  Channel: 1801.13  Uncertaincy: 0.0342574
	Energy: 5075.63  Channel: 1805.18  Uncertaincy: 0.0342574
	Energy: 5686.97  Channel: 2004.23  Uncertaincy: 0.0368296
	Energy: 5729.63  Channel: 2018.16  Uncertaincy: 0.0368296
Results: 
	Offset: -449.943 ± 2.51035
	Slope:  3.06146 ± 0.00140707
	Chi^2/ndf:  5.11516/4 = 1.27879
Covariance matrix
	6.30186	-0.00348472
	-0.00348472	1.97984e-06
======================================================
Calibrating Back
======================================================

--------------------------------
Strip 1
--------------------------------
Deadlayer corrected source 
	{(3084.05, 1)}
	{(5030.73, 0.119615), (5069.87, 0.171409), (5082.26, 0.708976)}
	{(5693.17, 0.231), (5735.8, 0.769)}
Peaks:
	Energy: 3084.05  Channel: 1033.57  Uncertaincy: 0.0266906
	Energy: 5030.73  Channel: 1671.33  Uncertaincy: 0.0307126
	Energy: 5069.87  Channel: 1684.14  Uncertaincy: 0.0307126
	Energy: 5082.26  Channel: 1688.2  Uncertaincy: 0.0307126
	Energy: 5693.17  Channel: 1887.34  Uncertaincy: 0.0338929
	Energy: 5735.8  Channel: 1901.3  Uncertaincy: 0.0338929
Results: 
	Offset: -74.8164 ± 2.36407
	Slope:  3.05546 ± 0.00141625
	Chi^2/ndf:  7.88212/4 = 1.97053
Covariance matrix
	5.58885	-0.00329737
	-0.00329737	2.00577e-06
--------------------------------
Strip 2
--------------------------------
Deadlayer corrected source 
	{(3083.46, 1)}
	{(5030.29, 0.119615), (5069.43, 0.171409), (5081.82, 0.708976)}
	{(5692.76, 0.231), (5735.39, 0.769)}
Peaks:
	Energy: 3083.46  Channel: 1051.88  Uncertaincy: 0.0297948
	Energy: 5030.29  Channel: 1719.94  Uncertaincy: 0.0342088
	Energy: 5069.43  Channel: 1733.37  Uncertaincy: 0.0342088
	Energy: 5081.82  Channel: 1737.62  Uncertaincy: 0.0342088
	Energy: 5692.76  Channel: 1946.76  Uncertaincy: 0.0377195
	Energy: 5735.39  Channel: 1961.38  Uncertaincy: 0.0377195
Results: 
	Offset: 16.2114 ± 2.3241
	Slope:  2.91558 ± 0.00135246
	Chi^2/ndf:  1.83507/4 = 0.458767
Covariance matrix
	5.40142	-0.00309387
	-0.00309387	1.82916e-06
--------------------------------
Strip 3
--------------------------------
Deadlayer corrected source 
	{(3082.83, 1)}
	{(5029.81, 0.119615), (5068.95, 0.171409), (5081.35, 0.708976)}
	{(5692.31, 0.231), (5734.95, 0.769)}
Peaks:
	Energy: 3082.83  Channel: 1093.34  Uncertaincy: 0.0286531
	Energy: 5029.81  Channel: 1775.36  Uncertaincy: 0.0333868
	Energy: 5068.95  Channel: 1789.07  Uncertaincy: 0.0333868
	Energy: 5081.35  Channel: 1793.41  Uncertaincy: 0.0333868
	Energy: 5692.31  Channel: 2007.36  Uncertaincy: 0.038193
	Energy: 5734.95  Channel: 2022.29  Uncertaincy: 0.038193
Results: 
	Offset: -38.648 ± 2.34703
	Slope:  2.85493 ± 0.00132332
	Chi^2/ndf:  0.0387951/4 = 0.00969877
Covariance matrix
	5.50856	-0.00305806
	-0.00305806	1.75117e-06
--------------------------------
Strip 4
--------------------------------
Deadlayer corrected source 
	{(3082.16, 1)}
	{(5029.3, 0.119615), (5068.44, 0.171409), (5080.84, 0.708976)}
	{(5691.84, 0.231), (5734.48, 0.769)}
Peaks:
	Energy: 3082.16  Channel: 1091.93  Uncertaincy: 0.0265585
	Energy: 5029.3  Channel: 1772.58  Uncertaincy: 0.0324075
	Energy: 5068.44  Channel: 1786.26  Uncertaincy: 0.0324075
	Energy: 5080.84  Channel: 1790.6  Uncertaincy: 0.0324075
	Energy: 5691.84  Channel: 2004.1  Uncertaincy: 0.0354702
	Energy: 5734.48  Channel: 2019.01  Uncertaincy: 0.0354702
Results: 
	Offset: -41.8279 ± 2.34687
	Slope:  2.86092 ± 0.00132528
	Chi^2/ndf:  0.0425636/4 = 0.0106409
Covariance matrix
	5.5078	-0.00306242
	-0.00306242	1.75636e-06
--------------------------------
Strip 5
--------------------------------
Deadlayer corrected source 
	{(3081.44, 1)}
	{(5028.76, 0.119615), (5067.9, 0.171409), (5080.3, 0.708976)}
	{(5691.34, 0.231), (5733.98, 0.769)}
Peaks:
	Energy: 3081.44  Channel: 1104.79  Uncertaincy: 0.0264938
	Energy: 5028.76  Channel: 1795.61  Uncertaincy: 0.0322503
	Energy: 5067.9  Channel: 1809.5  Uncertaincy: 0.0322503
	Energy: 5080.3  Channel: 1813.89  Uncertaincy: 0.0322503
	Energy: 5691.34  Channel: 2030.46  Uncertaincy: 0.0377387
	Energy: 5733.98  Channel: 2045.58  Uncertaincy: 0.0377387
Results: 
	Offset: -33.5858 ± 2.34209
	Slope:  2.81941 ± 0.0013057
	Chi^2/ndf:  0.279672/4 = 0.0699179
Covariance matrix
	5.4854	-0.00301084
	-0.00301084	1.70486e-06
--------------------------------
Strip 6
--------------------------------
Deadlayer corrected source 
	{(3080.67, 1)}
	{(5028.18, 0.119615), (5067.33, 0.171409), (5079.73, 0.708976)}
	{(5690.8, 0.231), (5733.45, 0.769)}
Peaks:
	Energy: 3080.67  Channel: 1097.64  Uncertaincy: 0.0243903
	Energy: 5028.18  Channel: 1768.15  Uncertaincy: 0.0302049
	Energy: 5067.33  Channel: 1781.63  Uncertaincy: 0.0302049
	Energy: 5079.73  Channel: 1785.9  Uncertaincy: 0.0302049
	Energy: 5690.8  Channel: 1996.2  Uncertaincy: 0.0330112
	Energy: 5733.45  Channel: 2010.88  Uncertaincy: 0.0330112
Results: 
	Offset: -107.748 ± 2.37518
	Slope:  2.90474 ± 0.00134484
	Chi^2/ndf:  0.058736/4 = 0.014684
Covariance matrix
	5.64146	-0.00314633
	-0.00314633	1.8086e-06
--------------------------------
Strip 7
--------------------------------
Deadlayer corrected source 
	{(3079.87, 1)}
	{(5027.58, 0.119615), (5066.73, 0.171409), (5079.13, 0.708976)}
	{(5690.24, 0.231), (5732.89, 0.769)}
Peaks:
	Energy: 3079.87  Channel: 1067.05  Uncertaincy: 0.0241594
	Energy: 5027.58  Channel: 1731.37  Uncertaincy: 0.0298347
	Energy: 5066.73  Channel: 1744.72  Uncertaincy: 0.0298347
	Energy: 5079.13  Channel: 1748.95  Uncertaincy: 0.0298347
	Energy: 5690.24  Channel: 1956.92  Uncertaincy: 0.0338596
	Energy: 5732.89  Channel: 1971.46  Uncertaincy: 0.0338596
Results: 
	Offset: -50.3709 ± 2.34808
	Slope:  2.9332 ± 0.00135769
	Chi^2/ndf:  1.60361/4 = 0.400902
Covariance matrix
	5.51348	-0.00313902
	-0.00313902	1.84332e-06
--------------------------------
Strip 8
--------------------------------
Deadlayer corrected source 
	{(3079.03, 1)}
	{(5026.94, 0.119615), (5066.09, 0.171409), (5078.49, 0.708976)}
	{(5689.65, 0.231), (5732.3, 0.769)}
Peaks:
	Energy: 3079.03  Channel: 1143.05  Uncertaincy: 0.0264103
	Energy: 5026.94  Channel: 1866.25  Uncertaincy: 0.0320305
	Energy: 5066.09  Channel: 1880.78  Uncertaincy: 0.0320305
	Energy: 5078.49  Channel: 1885.39  Uncertaincy: 0.0320305
	Energy: 5689.65  Channel: 2112.16  Uncertaincy: 0.0369042
	Energy: 5732.3  Channel: 2127.99  Uncertaincy: 0.0369042
Results: 
	Offset: -0.181734 ± 2.3256
	Slope:  2.69378 ± 0.00124722
	Chi^2/ndf:  0.103768/4 = 0.0259419
Covariance matrix
	5.40842	-0.00285513
	-0.00285513	1.55555e-06
Warnings:
	W2: Error on offset larger than value
--------------------------------
Strip 9
--------------------------------
Deadlayer corrected source 
	{(3078.14, 1)}
	{(5026.27, 0.119615), (5065.43, 0.171409), (5077.83, 0.708976)}
	{(5689.03, 0.231), (5731.68, 0.769)}
Peaks:
	Energy: 3078.14  Channel: 1209.34  Uncertaincy: 0.0285083
	Energy: 5026.27  Channel: 1960.03  Uncertaincy: 0.034188
	Energy: 5065.43  Channel: 1975.11  Uncertaincy: 0.034188
	Energy: 5077.83  Channel: 1979.89  Uncertaincy: 0.034188
	Energy: 5689.03  Channel: 2215.08  Uncertaincy: 0.0384032
	Energy: 5731.68  Channel: 2231.51  Uncertaincy: 0.0384032
Results: 
	Offset: -61.39 ± 2.35308
	Slope:  2.59587 ± 0.00120181
	Chi^2/ndf:  0.608639/4 = 0.15216
Covariance matrix
	5.53697	-0.00278471
	-0.00278471	1.44435e-06
Warnings:
	W0: Calibration is outlier!
--------------------------------
Strip 10
--------------------------------
Deadlayer corrected source 
	{(3077.22, 1)}
	{(5025.58, 0.119615), (5064.74, 0.171409), (5077.14, 0.708976)}
	{(5688.38, 0.231), (5731.04, 0.769)}
Peaks:
	Energy: 3077.22  Channel: 1064.15  Uncertaincy: 0.0247864
	Energy: 5025.58  Channel: 1715.74  Uncertaincy: 0.0294659
	Energy: 5064.74  Channel: 1728.83  Uncertaincy: 0.0294659
	Energy: 5077.14  Channel: 1732.97  Uncertaincy: 0.0294659
	Energy: 5688.38  Channel: 1936.8  Uncertaincy: 0.0333526
	Energy: 5731.04  Channel: 1951.06  Uncertaincy: 0.0333526
Results: 
	Offset: -107.117 ± 2.37309
	Slope:  2.99192 ± 0.00138487
	Chi^2/ndf:  2.6347/4 = 0.658675
Covariance matrix
	5.63157	-0.00323703
	-0.00323703	1.91787e-06
--------------------------------
Strip 11
--------------------------------
Deadlayer corrected source 
	{(3076.26, 1)}
	{(5024.86, 0.119615), (5064.02, 0.171409), (5076.42, 0.708976)}
	{(5687.71, 0.231), (5730.37, 0.769)}
Peaks:
	Energy: 3076.26  Channel: 1069.34  Uncertaincy: 0.0244544
	Energy: 5024.86  Channel: 1718.43  Uncertaincy: 0.0290654
	Energy: 5064.02  Channel: 1731.47  Uncertaincy: 0.0290654
	Energy: 5076.42  Channel: 1735.6  Uncertaincy: 0.0290654
	Energy: 5687.71  Channel: 1938.68  Uncertaincy: 0.0326516
	Energy: 5730.37  Channel: 1952.88  Uncertaincy: 0.0326516
Results: 
	Offset: -136.106 ± 2.38632
	Slope:  3.00365 ± 0.00139047
	Chi^2/ndf:  2.25916/4 = 0.56479
Covariance matrix
	5.69453	-0.00326881
	-0.00326881	1.93341e-06
--------------------------------
Strip 12
--------------------------------
Deadlayer corrected source 
	{(3075.27, 1)}
	{(5024.1, 0.119615), (5063.27, 0.171409), (5075.67, 0.708976)}
	{(5687.02, 0.231), (5729.68, 0.769)}
Peaks:
	Energy: 3075.27  Channel: 1079.26  Uncertaincy: 0.0292788
	Energy: 5024.1  Channel: 1741.43  Uncertaincy: 0.0345749
	Energy: 5063.27  Channel: 1754.73  Uncertaincy: 0.0345749
	Energy: 5075.67  Channel: 1758.95  Uncertaincy: 0.0345749
	Energy: 5687.02  Channel: 1966.09  Uncertaincy: 0.0431225
	Energy: 5729.68  Channel: 1980.58  Uncertaincy: 0.0431225
Results: 
	Offset: -103.366 ± 2.37297
	Slope:  2.94476 ± 0.00136462
	Chi^2/ndf:  2.41618/4 = 0.604045
Covariance matrix
	5.63099	-0.00318936
	-0.00318936	1.8622e-06
--------------------------------
Strip 13
--------------------------------
Deadlayer corrected source 
	{(3074.23, 1)}
	{(5023.33, 0.119615), (5062.49, 0.171409), (5074.9, 0.708976)}
	{(5686.29, 0.231), (5728.96, 0.769)}
Peaks:
	Energy: 3074.23  Channel: 1101.57  Uncertaincy: 0.0299914
	Energy: 5023.33  Channel: 1767.58  Uncertaincy: 0.0365068
	Energy: 5062.49  Channel: 1780.96  Uncertaincy: 0.0365068
	Energy: 5074.9  Channel: 1785.2  Uncertaincy: 0.0365068
	Energy: 5686.29  Channel: 1994.16  Uncertaincy: 0.0408981
	Energy: 5728.96  Channel: 2008.74  Uncertaincy: 0.0408981
Results: 
	Offset: -149.391 ± 2.39412
	Slope:  2.92642 ± 0.00135626
	Chi^2/ndf:  0.0154682/4 = 0.00386704
Covariance matrix
	5.7318	-0.00319893
	-0.00319893	1.83944e-06
--------------------------------
Strip 14
--------------------------------
Deadlayer corrected source 
	{(3073.17, 1)}
	{(5022.52, 0.119615), (5061.69, 0.171409), (5074.1, 0.708976)}
	{(5685.55, 0.231), (5728.21, 0.769)}
Peaks:
	Energy: 3073.17  Channel: 1078.05  Uncertaincy: 0.0282444
	Energy: 5022.52  Channel: 1741.33  Uncertaincy: 0.0327943
	Energy: 5061.69  Channel: 1754.66  Uncertaincy: 0.0327943
	Energy: 5074.1  Channel: 1758.88  Uncertaincy: 0.0327943
	Energy: 5685.55  Channel: 1966.63  Uncertaincy: 0.0351033
	Energy: 5728.21  Channel: 1981.14  Uncertaincy: 0.0351033
Results: 
	Offset: -96.323 ± 2.36688
	Slope:  2.9398 ± 0.00136077
	Chi^2/ndf:  0.658171/4 = 0.164543
Covariance matrix
	5.60211	-0.00317204
	-0.00317204	1.85169e-06
--------------------------------
Strip 15
--------------------------------
Deadlayer corrected source 
	{(3072.07, 1)}
	{(5021.69, 0.119615), (5060.87, 0.171409), (5073.28, 0.708976)}
	{(5684.78, 0.231), (5727.45, 0.769)}
Peaks:
	Energy: 3072.07  Channel: 1094.05  Uncertaincy: 0.0425032
	Energy: 5021.69  Channel: 1772.32  Uncertaincy: 0.0372864
	Energy: 5060.87  Channel: 1785.94  Uncertaincy: 0.0372864
	Energy: 5073.28  Channel: 1790.25  Uncertaincy: 0.0372864
	Energy: 5684.78  Channel: 2002.49  Uncertaincy: 0.0393142
	Energy: 5727.45  Channel: 2017.33  Uncertaincy: 0.0393142
Results: 
	Offset: -74.5753 ± 2.36526
	Slope:  2.87579 ± 0.00133563
	Chi^2/ndf:  1.72235/4 = 0.430587
Covariance matrix
	5.59445	-0.00311109
	-0.00311109	1.7839e-06
--------------------------------
Strip 16
--------------------------------
Deadlayer corrected source 
	{(3070.94, 1)}
	{(5020.84, 0.119615), (5060.02, 0.171409), (5072.43, 0.708976)}
	{(5683.98, 0.231), (5726.66, 0.769)}
Peaks:
	Energy: 3070.94  Channel: 1118.24  Uncertaincy: 0.0315167
	Energy: 5020.84  Channel: 1802.9  Uncertaincy: 0.0344212
	Energy: 5060.02  Channel: 1816.66  Uncertaincy: 0.0344212
	Energy: 5072.43  Channel: 1821.01  Uncertaincy: 0.0344212
	Energy: 5683.98  Channel: 2035.29  Uncertaincy: 0.0371133
	Energy: 5726.66  Channel: 2050.27  Uncertaincy: 0.0371133
Results: 
	Offset: -115.493 ± 2.37692
	Slope:  2.84919 ± 0.00131991
	Chi^2/ndf:  1.39475/4 = 0.348686
Covariance matrix
	5.64975	-0.00309023
	-0.00309023	1.74216e-06
--------------------------------
Strip 17
--------------------------------
Deadlayer corrected source 
	{(3069.77, 1)}
	{(5019.96, 0.119615), (5059.15, 0.171409), (5071.56, 0.708976)}
	{(5683.17, 0.231), (5725.85, 0.769)}
Peaks:
	Energy: 3069.77  Channel: 1100.44  Uncertaincy: 0.0264421
	Energy: 5019.96  Channel: 1759.8  Uncertaincy: 0.0303521
	Energy: 5059.15  Channel: 1773.04  Uncertaincy: 0.0303521
	Energy: 5071.56  Channel: 1777.24  Uncertaincy: 0.0303521
	Energy: 5683.17  Channel: 1983.7  Uncertaincy: 0.0369917
	Energy: 5725.85  Channel: 1998.12  Uncertaincy: 0.0369917
Results: 
	Offset: -186.311 ± 2.40639
	Slope:  2.95865 ± 0.00136941
	Chi^2/ndf:  0.799354/4 = 0.199838
Covariance matrix
	5.79074	-0.00324714
	-0.00324714	1.87529e-06
--------------------------------
Strip 18
--------------------------------
Deadlayer corrected source 
	{(3068.58, 1)}
	{(5019.06, 0.119615), (5058.25, 0.171409), (5070.66, 0.708976)}
	{(5682.33, 0.231), (5725.02, 0.769)}
Peaks:
	Energy: 3068.58  Channel: 1078.02  Uncertaincy: 0.0270407
	Energy: 5019.06  Channel: 1752.61  Uncertaincy: 0.0314274
	Energy: 5058.25  Channel: 1766.16  Uncertaincy: 0.0314274
	Energy: 5070.66  Channel: 1770.45  Uncertaincy: 0.0314274
	Energy: 5682.33  Channel: 1981.63  Uncertaincy: 0.0371729
	Energy: 5725.02  Channel: 1996.38  Uncertaincy: 0.0371729
Results: 
	Offset: -49.7686 ± 2.34281
	Slope:  2.89239 ± 0.0013382
	Chi^2/ndf:  1.00232/4 = 0.250581
Covariance matrix
	5.48875	-0.00308674
	-0.00308674	1.79077e-06
--------------------------------
Strip 19
--------------------------------
Deadlayer corrected source 
	{(3067.35, 1)}
	{(5018.14, 0.119615), (5057.33, 0.171409), (5069.74, 0.708976)}
	{(5681.48, 0.231), (5724.16, 0.769)}
Peaks:
	Energy: 3067.35  Channel: 1046.79  Uncertaincy: 0.0253038
	Energy: 5018.14  Channel: 1684.65  Uncertaincy: 0.0296117
	Energy: 5057.33  Channel: 1697.46  Uncertaincy: 0.0296117
	Energy: 5069.74  Channel: 1701.52  Uncertaincy: 0.0296117
	Energy: 5681.48  Channel: 1901.36  Uncertaincy: 0.0346626
	Energy: 5724.16  Channel: 1915.32  Uncertaincy: 0.0346626
Results: 
	Offset: -134.803 ± 2.38119
	Slope:  3.05889 ± 0.00141524
	Chi^2/ndf:  0.244843/4 = 0.0612107
Covariance matrix
	5.67009	-0.00331963
	-0.00331963	2.00292e-06
--------------------------------
Strip 20
--------------------------------
Deadlayer corrected source 
	{(3066.1, 1)}
	{(5017.19, 0.119615), (5056.39, 0.171409), (5068.8, 0.708976)}
	{(5680.6, 0.231), (5723.29, 0.769)}
Peaks:
	Energy: 3066.1  Channel: 1118.8  Uncertaincy: 0.0272824
	Energy: 5017.19  Channel: 1796.04  Uncertaincy: 0.0319377
	Energy: 5056.39  Channel: 1809.64  Uncertaincy: 0.0319377
	Energy: 5068.8  Channel: 1813.95  Uncertaincy: 0.0319377
	Energy: 5680.6  Channel: 2025.96  Uncertaincy: 0.0369757
	Energy: 5723.29  Channel: 2040.78  Uncertaincy: 0.0369757
Results: 
	Offset: -158.437 ± 2.39137
	Slope:  2.8819 ± 0.00133326
	Chi^2/ndf:  0.822835/4 = 0.205709
Covariance matrix
	5.71866	-0.0031411
	-0.0031411	1.77759e-06
--------------------------------
Strip 21
--------------------------------
Deadlayer corrected source 
	{(3064.82, 1)}
	{(5016.23, 0.119615), (5055.43, 0.171409), (5067.84, 0.708976)}
	{(5679.7, 0.231), (5722.4, 0.769)}
Peaks:
	Energy: 3064.82  Channel: 1152.22  Uncertaincy: 0.0281501
	Energy: 5016.23  Channel: 1851.65  Uncertaincy: 0.0329602
	Energy: 5055.43  Channel: 1865.69  Uncertaincy: 0.0329602
	Energy: 5067.84  Channel: 1870.14  Uncertaincy: 0.0329602
	Energy: 5679.7  Channel: 2088.65  Uncertaincy: 0.0390353
	Energy: 5722.4  Channel: 2103.94  Uncertaincy: 0.0390353
Results: 
	Offset: -152.847 ± 2.38802
	Slope:  2.79205 ± 0.00129153
	Chi^2/ndf:  4.09287/4 = 1.02322
Covariance matrix
	5.70264	-0.00303838
	-0.00303838	1.66806e-06
--------------------------------
Strip 22
--------------------------------
Deadlayer corrected source 
	{(3063.51, 1)}
	{(5015.24, 0.119615), (5054.45, 0.171409), (5066.86, 0.708976)}
	{(5678.79, 0.231), (5721.49, 0.769)}
Peaks:
	Energy: 3063.51  Channel: 1110.56  Uncertaincy: 0.0275674
	Energy: 5015.24  Channel: 1789.62  Uncertaincy: 0.0324653
	Energy: 5054.45  Channel: 1803.26  Uncertaincy: 0.0324653
	Energy: 5066.86  Channel: 1807.58  Uncertaincy: 0.0324653
	Energy: 5678.79  Channel: 2020.06  Uncertaincy: 0.0384331
	Energy: 5721.49  Channel: 2034.92  Uncertaincy: 0.0384331
Results: 
	Offset: -130 ± 2.37592
	Slope:  2.87529 ± 0.00132938
	Chi^2/ndf:  1.2345/4 = 0.308626
Covariance matrix
	5.645	-0.00311108
	-0.00311108	1.76725e-06
--------------------------------
Strip 23
--------------------------------
Deadlayer corrected source 
	{(3062.17, 1)}
	{(5014.24, 0.119615), (5053.45, 0.171409), (5065.86, 0.708976)}
	{(5677.85, 0.231), (5720.56, 0.769)}
Peaks:
	Energy: 3062.17  Channel: 1061.61  Uncertaincy: 0.0259426
	Energy: 5014.24  Channel: 1697.43  Uncertaincy: 0.029988
	Energy: 5053.45  Channel: 1710.19  Uncertaincy: 0.029988
	Energy: 5065.86  Channel: 1714.24  Uncertaincy: 0.029988
	Energy: 5677.85  Channel: 1913.24  Uncertaincy: 0.0368238
	Energy: 5720.56  Channel: 1927.15  Uncertaincy: 0.0368238
Results: 
	Offset: -198.538 ± 2.40705
	Slope:  3.07121 ± 0.0014202
	Chi^2/ndf:  0.84606/4 = 0.211515
Covariance matrix
	5.7939	-0.0033685
	-0.0033685	2.01697e-06
--------------------------------
Strip 24
--------------------------------
Deadlayer corrected source 
	{(3060.81, 1)}
	{(5013.21, 0.119615), (5052.42, 0.171409), (5064.85, 0.708976)}
	{(5676.9, 0.231), (5719.61, 0.769)}
Peaks:
	Energy: 3060.81  Channel: 1120.36  Uncertaincy: 0.0329232
	Energy: 5013.21  Channel: 1806.27  Uncertaincy: 0.0375717
	Energy: 5052.42  Channel: 1820.04  Uncertaincy: 0.0375717
	Energy: 5064.85  Channel: 1824.4  Uncertaincy: 0.0375717
	Energy: 5676.9  Channel: 2038.99  Uncertaincy: 0.0479222
	Energy: 5719.61  Channel: 2053.99  Uncertaincy: 0.0479222
Results: 
	Offset: -129.889 ± 2.3792
	Slope:  2.84762 ± 0.00131916
	Chi^2/ndf:  1.31122/4 = 0.327806
Covariance matrix
	5.66061	-0.00309138
	-0.00309138	1.7402e-06
======================================================
