# AUSAlib version: 17.1
# Calibrator version: 2.0
# Calibrator arguments: Calibrator --eloss -d SU
# Input files: 
#	su.root
Current time is: 2022-04-23 11:32
======================================================

Starting calibration of SU
Source: 
	{(3182.69, 1)}
	{(5105.5, 0.119615), (5144.3, 0.171409), (5156.59, 0.708976)}
	{(5762.64, 0.231), (5804.96, 0.769)}
======================================================

Calibrating Front
======================================================

--------------------------------
Strip 1
--------------------------------
Deadlayer corrected source 
	{(3071.21, 1)}
	{(5021.05, 0.119615), (5060.23, 0.171409), (5072.64, 0.708976)}
	{(5684.18, 0.231), (5726.85, 0.769)}
Peaks:
	Energy: 3071.21  Channel: 1077.39  Uncertaincy: 0.0251344
	Energy: 5021.05  Channel: 1691.53  Uncertaincy: 0.031847
	Energy: 5060.23  Channel: 1703.86  Uncertaincy: 0.031847
	Energy: 5072.64  Channel: 1707.77  Uncertaincy: 0.031847
	Energy: 5684.18  Channel: 1899.41  Uncertaincy: 0.0333021
	Energy: 5726.85  Channel: 1912.84  Uncertaincy: 0.0333021
Results: 
	Offset: -353.753 ± 2.48503
	Slope:  3.17815 ± 0.00147196
	Chi^2/ndf:  8.08613/4 = 2.02153
Covariance matrix
	6.1754	-0.00360767
	-0.00360767	2.16666e-06
--------------------------------
Strip 2
--------------------------------
Deadlayer corrected source 
	{(3071.47, 1)}
	{(5021.24, 0.119615), (5060.42, 0.171409), (5072.83, 0.708976)}
	{(5684.36, 0.231), (5727.03, 0.769)}
Peaks:
	Energy: 3071.47  Channel: 1060.6  Uncertaincy: 0.0247152
	Energy: 5021.24  Channel: 1674.13  Uncertaincy: 0.0316727
	Energy: 5060.42  Channel: 1686.45  Uncertaincy: 0.0316727
	Energy: 5072.83  Channel: 1690.35  Uncertaincy: 0.0316727
	Energy: 5684.36  Channel: 1881.9  Uncertaincy: 0.0332687
	Energy: 5727.03  Channel: 1895.32  Uncertaincy: 0.0332687
Results: 
	Offset: -302.945 ± 2.46013
	Slope:  3.18089 ± 0.0014722
	Chi^2/ndf:  6.49036/4 = 1.62259
Covariance matrix
	6.05224	-0.0035711
	-0.0035711	2.16738e-06
--------------------------------
Strip 3
--------------------------------
Deadlayer corrected source 
	{(3071.55, 1)}
	{(5021.3, 0.119615), (5060.48, 0.171409), (5072.89, 0.708976)}
	{(5684.42, 0.231), (5727.09, 0.769)}
Peaks:
	Energy: 3071.55  Channel: 1069.81  Uncertaincy: 0.0255324
	Energy: 5021.3  Channel: 1678.49  Uncertaincy: 0.0311565
	Energy: 5060.48  Channel: 1690.71  Uncertaincy: 0.0311565
	Energy: 5072.89  Channel: 1694.58  Uncertaincy: 0.0311565
	Energy: 5684.42  Channel: 1884.74  Uncertaincy: 0.0344299
	Energy: 5727.09  Channel: 1898.06  Uncertaincy: 0.0344299
Results: 
	Offset: -358.676 ± 2.48649
	Slope:  3.20579 ± 0.00148428
	Chi^2/ndf:  4.78055/4 = 1.19514
Covariance matrix
	6.18261	-0.00364004
	-0.00364004	2.20308e-06
--------------------------------
Strip 4
--------------------------------
Deadlayer corrected source 
	{(3071.45, 1)}
	{(5021.23, 0.119615), (5060.41, 0.171409), (5072.82, 0.708976)}
	{(5684.35, 0.231), (5727.02, 0.769)}
Peaks:
	Energy: 3071.45  Channel: 1145.34  Uncertaincy: 0.0282986
	Energy: 5021.23  Channel: 1803.37  Uncertaincy: 0.035491
	Energy: 5060.41  Channel: 1816.59  Uncertaincy: 0.035491
	Energy: 5072.82  Channel: 1820.77  Uncertaincy: 0.035491
	Energy: 5684.35  Channel: 2026.38  Uncertaincy: 0.0389325
	Energy: 5727.02  Channel: 2040.78  Uncertaincy: 0.0389325
Results: 
	Offset: -325.448 ± 2.47166
	Slope:  2.9653 ± 0.0013732
	Chi^2/ndf:  4.42786/4 = 1.10697
Covariance matrix
	6.10912	-0.00334695
	-0.00334695	1.88569e-06
--------------------------------
Strip 5
--------------------------------
Deadlayer corrected source 
	{(3071.18, 1)}
	{(5021.03, 0.119615), (5060.21, 0.171409), (5072.62, 0.708976)}
	{(5684.16, 0.231), (5726.84, 0.769)}
Peaks:
	Energy: 3071.18  Channel: 1080.68  Uncertaincy: 0.0263612
	Energy: 5021.03  Channel: 1690.73  Uncertaincy: 0.0322143
	Energy: 5060.21  Channel: 1702.98  Uncertaincy: 0.0322143
	Energy: 5072.62  Channel: 1706.86  Uncertaincy: 0.0322143
	Energy: 5684.16  Channel: 1897.23  Uncertaincy: 0.0346345
	Energy: 5726.84  Channel: 1910.57  Uncertaincy: 0.0346345
Results: 
	Offset: -387.274 ± 2.51234
	Slope:  3.19947 ± 0.00148883
	Chi^2/ndf:  7.88324/4 = 1.97081
Covariance matrix
	6.31187	-0.0036902
	-0.0036902	2.21662e-06
--------------------------------
Strip 6
--------------------------------
Deadlayer corrected source 
	{(3070.75, 1)}
	{(5020.71, 0.119615), (5059.89, 0.171409), (5072.3, 0.708976)}
	{(5683.86, 0.231), (5726.54, 0.769)}
Peaks:
	Energy: 3070.75  Channel: 1078.83  Uncertaincy: 0.0265787
	Energy: 5020.71  Channel: 1706.73  Uncertaincy: 0.0330223
	Energy: 5059.89  Channel: 1719.33  Uncertaincy: 0.0330223
	Energy: 5072.3  Channel: 1723.32  Uncertaincy: 0.0330223
	Energy: 5683.86  Channel: 1919.21  Uncertaincy: 0.0356028
	Energy: 5726.54  Channel: 1932.94  Uncertaincy: 0.0356028
Results: 
	Offset: -284.103 ± 2.45207
	Slope:  3.10888 ± 0.00143936
	Chi^2/ndf:  8.77006/4 = 2.19252
Covariance matrix
	6.01265	-0.00347962
	-0.00347962	2.07175e-06
--------------------------------
Strip 7
--------------------------------
Deadlayer corrected source 
	{(3070.18, 1)}
	{(5020.28, 0.119615), (5059.46, 0.171409), (5071.87, 0.708976)}
	{(5683.46, 0.231), (5726.14, 0.769)}
Peaks:
	Energy: 3070.18  Channel: 1072.22  Uncertaincy: 0.025365
	Energy: 5020.28  Channel: 1679.27  Uncertaincy: 0.0301779
	Energy: 5059.46  Channel: 1691.45  Uncertaincy: 0.0301779
	Energy: 5071.87  Channel: 1695.31  Uncertaincy: 0.0301779
	Energy: 5683.46  Channel: 1885  Uncertaincy: 0.0328585
	Energy: 5726.14  Channel: 1898.28  Uncertaincy: 0.0328585
Results: 
	Offset: -377.444 ± 2.49103
	Slope:  3.21483 ± 0.00148632
	Chi^2/ndf:  4.23081/4 = 1.0577
Covariance matrix
	6.20524	-0.00365194
	-0.00365194	2.20915e-06
--------------------------------
Strip 8
--------------------------------
Deadlayer corrected source 
	{(3069.49, 1)}
	{(5019.75, 0.119615), (5058.94, 0.171409), (5071.35, 0.708976)}
	{(5682.98, 0.231), (5725.66, 0.769)}
Peaks:
	Energy: 3069.49  Channel: 1123.84  Uncertaincy: 0.0270001
	Energy: 5019.75  Channel: 1777.76  Uncertaincy: 0.0330401
	Energy: 5058.94  Channel: 1790.88  Uncertaincy: 0.0330401
	Energy: 5071.35  Channel: 1795.04  Uncertaincy: 0.0330401
	Energy: 5682.98  Channel: 1999.19  Uncertaincy: 0.035009
	Energy: 5725.66  Channel: 2013.49  Uncertaincy: 0.035009
Results: 
	Offset: -286.143 ± 2.45145
	Slope:  2.98518 ± 0.00138139
	Chi^2/ndf:  6.45124/4 = 1.61281
Covariance matrix
	6.00961	-0.00333866
	-0.00333866	1.90823e-06
--------------------------------
Strip 9
--------------------------------
Deadlayer corrected source 
	{(3068.71, 1)}
	{(5019.16, 0.119615), (5058.35, 0.171409), (5070.76, 0.708976)}
	{(5682.43, 0.231), (5725.11, 0.769)}
Peaks:
	Energy: 3068.71  Channel: 1075.84  Uncertaincy: 0.0306257
	Energy: 5019.16  Channel: 1698.03  Uncertaincy: 0.0351446
	Energy: 5058.35  Channel: 1710.52  Uncertaincy: 0.0351446
	Energy: 5070.76  Channel: 1714.48  Uncertaincy: 0.0351446
	Energy: 5682.43  Channel: 1908.65  Uncertaincy: 0.042566
	Energy: 5725.11  Channel: 1922.26  Uncertaincy: 0.042566
Results: 
	Offset: -307.952 ± 2.47812
	Slope:  3.13788 ± 0.0014621
	Chi^2/ndf:  7.33581/4 = 1.83395
Covariance matrix
	6.14106	-0.00357306
	-0.00357306	2.13774e-06
--------------------------------
Strip 10
--------------------------------
Deadlayer corrected source 
	{(3067.87, 1)}
	{(5018.53, 0.119615), (5057.72, 0.171409), (5070.13, 0.708976)}
	{(5681.84, 0.231), (5724.52, 0.769)}
Peaks:
	Energy: 3067.87  Channel: 1068.12  Uncertaincy: 0.0261103
	Energy: 5018.53  Channel: 1669.05  Uncertaincy: 0.0316647
	Energy: 5057.72  Channel: 1681.12  Uncertaincy: 0.0316647
	Energy: 5070.13  Channel: 1684.94  Uncertaincy: 0.0316647
	Energy: 5681.84  Channel: 1872.51  Uncertaincy: 0.0331104
	Energy: 5724.52  Channel: 1885.65  Uncertaincy: 0.0331104
Results: 
	Offset: -403.392 ± 2.50483
	Slope:  3.24913 ± 0.0015038
	Chi^2/ndf:  6.72461/4 = 1.68115
Covariance matrix
	6.27417	-0.00371586
	-0.00371586	2.26141e-06
--------------------------------
Strip 11
--------------------------------
Deadlayer corrected source 
	{(3067, 1)}
	{(5017.88, 0.119615), (5057.07, 0.171409), (5069.48, 0.708976)}
	{(5681.23, 0.231), (5723.92, 0.769)}
Peaks:
	Energy: 3067  Channel: 1081.34  Uncertaincy: 0.026044
	Energy: 5017.88  Channel: 1692.67  Uncertaincy: 0.0334843
	Energy: 5057.07  Channel: 1704.94  Uncertaincy: 0.0334843
	Energy: 5069.48  Channel: 1708.83  Uncertaincy: 0.0334843
	Energy: 5681.23  Channel: 1899.69  Uncertaincy: 0.0348676
	Energy: 5723.92  Channel: 1913.06  Uncertaincy: 0.0348676
Results: 
	Offset: -387.612 ± 2.49854
	Slope:  3.19406 ± 0.00147907
	Chi^2/ndf:  5.97188/4 = 1.49297
Covariance matrix
	6.24268	-0.00364529
	-0.00364529	2.18764e-06
--------------------------------
Strip 12
--------------------------------
Deadlayer corrected source 
	{(3066.14, 1)}
	{(5017.23, 0.119615), (5056.42, 0.171409), (5068.84, 0.708976)}
	{(5680.63, 0.231), (5723.32, 0.769)}
Peaks:
	Energy: 3066.14  Channel: 1134.5  Uncertaincy: 0.0270863
	Energy: 5017.23  Channel: 1778.51  Uncertaincy: 0.0330342
	Energy: 5056.42  Channel: 1791.44  Uncertaincy: 0.0330342
	Energy: 5068.84  Channel: 1795.53  Uncertaincy: 0.0330342
	Energy: 5680.63  Channel: 1996.71  Uncertaincy: 0.0365768
	Energy: 5723.32  Channel: 2010.8  Uncertaincy: 0.0365768
Results: 
	Offset: -374.171 ± 2.48999
	Slope:  3.0319 ± 0.00140282
	Chi^2/ndf:  4.47542/4 = 1.11885
Covariance matrix
	6.20004	-0.00344524
	-0.00344524	1.96789e-06
--------------------------------
Strip 13
--------------------------------
Deadlayer corrected source 
	{(3065.32, 1)}
	{(5016.61, 0.119615), (5055.81, 0.171409), (5068.23, 0.708976)}
	{(5680.06, 0.231), (5722.75, 0.769)}
Peaks:
	Energy: 3065.32  Channel: 1103.71  Uncertaincy: 0.0285838
	Energy: 5016.61  Channel: 1718.92  Uncertaincy: 0.0339901
	Energy: 5055.81  Channel: 1731.27  Uncertaincy: 0.0339901
	Energy: 5068.23  Channel: 1735.18  Uncertaincy: 0.0339901
	Energy: 5680.06  Channel: 1927.61  Uncertaincy: 0.0351865
	Energy: 5722.75  Channel: 1941.07  Uncertaincy: 0.0351865
Results: 
	Offset: -437.564 ± 2.52041
	Slope:  3.17335 ± 0.00146921
	Chi^2/ndf:  1.89536/4 = 0.473839
Covariance matrix
	6.35247	-0.00365355
	-0.00365355	2.15857e-06
--------------------------------
Strip 14
--------------------------------
Deadlayer corrected source 
	{(3064.57, 1)}
	{(5016.05, 0.119615), (5055.25, 0.171409), (5067.67, 0.708976)}
	{(5679.54, 0.231), (5722.23, 0.769)}
Peaks:
	Energy: 3064.57  Channel: 1064.78  Uncertaincy: 0.0263158
	Energy: 5016.05  Channel: 1669.38  Uncertaincy: 0.0337335
	Energy: 5055.25  Channel: 1681.51  Uncertaincy: 0.0337335
	Energy: 5067.67  Channel: 1685.36  Uncertaincy: 0.0337335
	Energy: 5679.54  Channel: 1874.35  Uncertaincy: 0.0336964
	Energy: 5722.23  Channel: 1887.57  Uncertaincy: 0.0336964
Results: 
	Offset: -374.867 ± 2.54736
	Slope:  3.22972 ± 0.001528
	Chi^2/ndf:  2.91213/4 = 0.728033
Covariance matrix
	6.48905	-0.00384144
	-0.00384144	2.33479e-06
--------------------------------
Strip 15
--------------------------------
Deadlayer corrected source 
	{(3063.93, 1)}
	{(5015.56, 0.119615), (5054.77, 0.171409), (5067.18, 0.708976)}
	{(5679.09, 0.231), (5721.78, 0.769)}
Peaks:
	Energy: 3063.93  Channel: 1072  Uncertaincy: 0.0251776
	Energy: 5015.56  Channel: 1672.62  Uncertaincy: 0.0305097
	Energy: 5054.77  Channel: 1684.68  Uncertaincy: 0.0305097
	Energy: 5067.18  Channel: 1688.5  Uncertaincy: 0.0305097
	Energy: 5679.09  Channel: 1876.37  Uncertaincy: 0.0340527
	Energy: 5721.78  Channel: 1889.51  Uncertaincy: 0.0340527
Results: 
	Offset: -421.419 ± 2.51047
	Slope:  3.2509 ± 0.00150395
	Chi^2/ndf:  1.68972/4 = 0.422429
Covariance matrix
	6.30247	-0.00372485
	-0.00372485	2.26187e-06
--------------------------------
Strip 16
--------------------------------
Deadlayer corrected source 
	{(3063.4, 1)}
	{(5015.17, 0.119615), (5054.37, 0.171409), (5066.79, 0.708976)}
	{(5678.72, 0.231), (5721.42, 0.769)}
Peaks:
	Energy: 3063.4  Channel: 1077.92  Uncertaincy: 0.0263107
	Energy: 5015.17  Channel: 1700.16  Uncertaincy: 0.0330257
	Energy: 5054.37  Channel: 1712.65  Uncertaincy: 0.0330257
	Energy: 5066.79  Channel: 1716.6  Uncertaincy: 0.0330257
	Energy: 5678.72  Channel: 1910.93  Uncertaincy: 0.034606
	Energy: 5721.42  Channel: 1924.54  Uncertaincy: 0.034606
Results: 
	Offset: -321.024 ± 2.43805
	Slope:  3.13916 ± 0.001437
	Chi^2/ndf:  4.70997/4 = 1.17749
Covariance matrix
	5.9441	-0.00345353
	-0.00345353	2.06498e-06
--------------------------------
Strip 17
--------------------------------
Deadlayer corrected source 
	{(3063.01, 1)}
	{(5014.87, 0.119615), (5054.08, 0.171409), (5066.5, 0.708976)}
	{(5678.44, 0.231), (5721.15, 0.769)}
Peaks:
	Energy: 3063.01  Channel: 1090.48  Uncertaincy: 0.0295958
	Energy: 5014.87  Channel: 1698.08  Uncertaincy: 0.0352983
	Energy: 5054.08  Channel: 1710.28  Uncertaincy: 0.0352983
	Energy: 5066.5  Channel: 1714.15  Uncertaincy: 0.0352983
	Energy: 5678.44  Channel: 1904.05  Uncertaincy: 0.0365137
	Energy: 5721.15  Channel: 1917.34  Uncertaincy: 0.0365137
Results: 
	Offset: -442.773 ± 2.52217
	Slope:  3.21442 ± 0.00148836
	Chi^2/ndf:  3.01437/4 = 0.753592
Covariance matrix
	6.36134	-0.00370377
	-0.00370377	2.21522e-06
--------------------------------
Strip 18
--------------------------------
Deadlayer corrected source 
	{(3062.77, 1)}
	{(5014.7, 0.119615), (5053.9, 0.171409), (5066.32, 0.708976)}
	{(5678.28, 0.231), (5720.98, 0.769)}
Peaks:
	Energy: 3062.77  Channel: 1023.89  Uncertaincy: 0.0293616
	Energy: 5014.7  Channel: 1598.21  Uncertaincy: 0.0385989
	Energy: 5053.9  Channel: 1609.74  Uncertaincy: 0.0385989
	Energy: 5066.32  Channel: 1613.39  Uncertaincy: 0.0385989
	Energy: 5678.28  Channel: 1792.71  Uncertaincy: 0.0343647
	Energy: 5720.98  Channel: 1805.26  Uncertaincy: 0.0343647
Results: 
	Offset: -420.68 ± 2.51232
	Slope:  3.4015 ± 0.00157514
	Chi^2/ndf:  5.38462/4 = 1.34616
Covariance matrix
	6.31174	-0.00390388
	-0.00390388	2.48107e-06
--------------------------------
Strip 19
--------------------------------
Deadlayer corrected source 
	{(3062.7, 1)}
	{(5014.64, 0.119615), (5053.85, 0.171409), (5066.26, 0.708976)}
	{(5678.23, 0.231), (5720.93, 0.769)}
Peaks:
	Energy: 3062.7  Channel: 1084.66  Uncertaincy: 0.0297324
	Energy: 5014.64  Channel: 1687.86  Uncertaincy: 0.0340775
	Energy: 5053.85  Channel: 1699.97  Uncertaincy: 0.0340775
	Energy: 5066.26  Channel: 1703.81  Uncertaincy: 0.0340775
	Energy: 5678.23  Channel: 1892.69  Uncertaincy: 0.035693
	Energy: 5720.93  Channel: 1905.88  Uncertaincy: 0.035693
Results: 
	Offset: -448.361 ± 2.52439
	Slope:  3.23682 ± 0.00149855
	Chi^2/ndf:  0.467301/4 = 0.116825
Covariance matrix
	6.37252	-0.00373252
	-0.00373252	2.24566e-06
--------------------------------
Strip 20
--------------------------------
Deadlayer corrected source 
	{(3062.79, 1)}
	{(5014.71, 0.119615), (5053.91, 0.171409), (5066.33, 0.708976)}
	{(5678.29, 0.231), (5720.99, 0.769)}
Peaks:
	Energy: 3062.79  Channel: 1120.58  Uncertaincy: 0.029641
	Energy: 5014.71  Channel: 1752.43  Uncertaincy: 0.033845
	Energy: 5053.91  Channel: 1765.12  Uncertaincy: 0.033845
	Energy: 5066.33  Channel: 1769.13  Uncertaincy: 0.033845
	Energy: 5678.29  Channel: 1966.82  Uncertaincy: 0.036146
	Energy: 5720.99  Channel: 1980.64  Uncertaincy: 0.036146
Results: 
	Offset: -400.696 ± 2.50164
	Slope:  3.09049 ± 0.00143023
	Chi^2/ndf:  1.31626/4 = 0.329064
Covariance matrix
	6.25818	-0.00352941
	-0.00352941	2.04555e-06
--------------------------------
Strip 21
--------------------------------
Deadlayer corrected source 
	{(3063.04, 1)}
	{(5014.89, 0.119615), (5054.1, 0.171409), (5066.52, 0.708976)}
	{(5678.46, 0.231), (5721.16, 0.769)}
Peaks:
	Energy: 3063.04  Channel: 1101.24  Uncertaincy: 0.0319039
	Energy: 5014.89  Channel: 1725.44  Uncertaincy: 0.038734
	Energy: 5054.1  Channel: 1737.97  Uncertaincy: 0.038734
	Energy: 5066.52  Channel: 1741.94  Uncertaincy: 0.038734
	Energy: 5678.46  Channel: 1936.84  Uncertaincy: 0.0381311
	Energy: 5721.16  Channel: 1950.48  Uncertaincy: 0.0381311
Results: 
	Offset: -384.068 ± 2.50886
	Slope:  3.12957 ± 0.00145671
	Chi^2/ndf:  5.31171/4 = 1.32793
Covariance matrix
	6.29436	-0.00360528
	-0.00360528	2.12201e-06
--------------------------------
Strip 22
--------------------------------
Deadlayer corrected source 
	{(3063.44, 1)}
	{(5015.2, 0.119615), (5054.4, 0.171409), (5066.82, 0.708976)}
	{(5678.74, 0.231), (5721.44, 0.769)}
Peaks:
	Energy: 3063.44  Channel: 1124.05  Uncertaincy: 0.031817
	Energy: 5015.2  Channel: 1764.94  Uncertaincy: 0.0383166
	Energy: 5054.4  Channel: 1777.81  Uncertaincy: 0.0383166
	Energy: 5066.82  Channel: 1781.88  Uncertaincy: 0.0383166
	Energy: 5678.74  Channel: 1982.04  Uncertaincy: 0.0388822
	Energy: 5721.44  Channel: 1996.05  Uncertaincy: 0.0388822
Results: 
	Offset: -363.093 ± 2.48575
	Slope:  3.04779 ± 0.00141111
	Chi^2/ndf:  4.69389/4 = 1.17347
Covariance matrix
	6.17895	-0.00345941
	-0.00345941	1.99123e-06
--------------------------------
Strip 23
--------------------------------
Deadlayer corrected source 
	{(3063.98, 1)}
	{(5015.6, 0.119615), (5054.8, 0.171409), (5067.22, 0.708976)}
	{(5679.12, 0.231), (5721.82, 0.769)}
Peaks:
	Energy: 3063.98  Channel: 1118.57  Uncertaincy: 0.0308777
	Energy: 5015.6  Channel: 1735.56  Uncertaincy: 0.035432
	Energy: 5054.8  Channel: 1747.95  Uncertaincy: 0.035432
	Energy: 5067.22  Channel: 1751.87  Uncertaincy: 0.035432
	Energy: 5679.12  Channel: 1944.59  Uncertaincy: 0.0377227
	Energy: 5721.82  Channel: 1958.08  Uncertaincy: 0.0377227
Results: 
	Offset: -477.551 ± 2.53892
	Slope:  3.16555 ± 0.00146604
	Chi^2/ndf:  4.38395/4 = 1.09599
Covariance matrix
	6.44614	-0.00367312
	-0.00367312	2.14927e-06
--------------------------------
Strip 24
--------------------------------
Deadlayer corrected source 
	{(3064.63, 1)}
	{(5016.1, 0.119615), (5055.3, 0.171409), (5067.71, 0.708976)}
	{(5679.58, 0.231), (5722.28, 0.769)}
Peaks:
	Energy: 3064.63  Channel: 1079.82  Uncertaincy: 0.0304941
	Energy: 5016.1  Channel: 1705.89  Uncertaincy: 0.0441942
	Energy: 5055.3  Channel: 1718.46  Uncertaincy: 0.0441942
	Energy: 5067.71  Channel: 1722.44  Uncertaincy: 0.0441942
	Energy: 5679.58  Channel: 1918.01  Uncertaincy: 0.0374766
	Energy: 5722.28  Channel: 1931.7  Uncertaincy: 0.0374766
Results: 
	Offset: -304.3 ± 2.46008
	Slope:  3.11934 ± 0.00144472
	Chi^2/ndf:  4.30588/4 = 1.07647
Covariance matrix
	6.05202	-0.00350408
	-0.00350408	2.08721e-06
--------------------------------
Strip 25
--------------------------------
Deadlayer corrected source 
	{(3065.39, 1)}
	{(5016.66, 0.119615), (5055.86, 0.171409), (5068.28, 0.708976)}
	{(5680.11, 0.231), (5722.8, 0.769)}
Peaks:
	Energy: 3065.39  Channel: 1112.82  Uncertaincy: 0.0274307
	Energy: 5016.66  Channel: 1723.24  Uncertaincy: 0.0339458
	Energy: 5055.86  Channel: 1735.5  Uncertaincy: 0.0339458
	Energy: 5068.28  Channel: 1739.38  Uncertaincy: 0.0339458
	Energy: 5680.11  Channel: 1930.04  Uncertaincy: 0.0363258
	Energy: 5722.8  Channel: 1943.39  Uncertaincy: 0.0363258
Results: 
	Offset: -495.283 ± 2.54578
	Slope:  3.1991 ± 0.00148065
	Chi^2/ndf:  4.67841/4 = 1.1696
Covariance matrix
	6.481	-0.00372005
	-0.00372005	2.19232e-06
--------------------------------
Strip 26
--------------------------------
Deadlayer corrected source 
	{(3066.21, 1)}
	{(5017.28, 0.119615), (5056.48, 0.171409), (5068.89, 0.708976)}
	{(5680.68, 0.231), (5723.37, 0.769)}
Peaks:
	Energy: 3066.21  Channel: 1057.11  Uncertaincy: 0.0285147
	Energy: 5017.28  Channel: 1666.38  Uncertaincy: 0.0327654
	Energy: 5056.48  Channel: 1678.61  Uncertaincy: 0.0327654
	Energy: 5068.89  Channel: 1682.49  Uncertaincy: 0.0327654
	Energy: 5680.68  Channel: 1872.75  Uncertaincy: 0.0365232
	Energy: 5723.37  Channel: 1886.07  Uncertaincy: 0.0365232
Results: 
	Offset: -322.494 ± 2.46817
	Slope:  3.20497 ± 0.00148392
	Chi^2/ndf:  5.3673/4 = 1.34182
Covariance matrix
	6.09188	-0.00361155
	-0.00361155	2.20203e-06
--------------------------------
Strip 27
--------------------------------
Deadlayer corrected source 
	{(3067.07, 1)}
	{(5017.93, 0.119615), (5057.12, 0.171409), (5069.54, 0.708976)}
	{(5681.28, 0.231), (5723.97, 0.769)}
Peaks:
	Energy: 3067.07  Channel: 1055.08  Uncertaincy: 0.0274883
	Energy: 5017.93  Channel: 1629.91  Uncertaincy: 0.0330503
	Energy: 5057.12  Channel: 1641.45  Uncertaincy: 0.0330503
	Energy: 5069.54  Channel: 1645.1  Uncertaincy: 0.0330503
	Energy: 5681.28  Channel: 1824.58  Uncertaincy: 0.0352507
	Energy: 5723.97  Channel: 1837.15  Uncertaincy: 0.0352507
Results: 
	Offset: -517.553 ± 2.55823
	Slope:  3.39679 ± 0.00157317
	Chi^2/ndf:  5.80945/4 = 1.45236
Covariance matrix
	6.54456	-0.0039723
	-0.0039723	2.47486e-06
--------------------------------
Strip 28
--------------------------------
Deadlayer corrected source 
	{(3067.93, 1)}
	{(5018.58, 0.119615), (5057.77, 0.171409), (5070.18, 0.708976)}
	{(5681.89, 0.231), (5724.57, 0.769)}
Peaks:
	Energy: 3067.93  Channel: 1171.97  Uncertaincy: 0.0323887
	Energy: 5018.58  Channel: 1844.81  Uncertaincy: 0.0384086
	Energy: 5057.77  Channel: 1858.32  Uncertaincy: 0.0384086
	Energy: 5070.18  Channel: 1862.6  Uncertaincy: 0.0384086
	Energy: 5681.89  Channel: 2072.57  Uncertaincy: 0.0404087
	Energy: 5724.57  Channel: 2087.28  Uncertaincy: 0.0404087
Results: 
	Offset: -333.951 ± 2.47571
	Slope:  2.90199 ± 0.00134454
	Chi^2/ndf:  7.45647/4 = 1.86412
Covariance matrix
	6.12914	-0.00328256
	-0.00328256	1.80779e-06
--------------------------------
Strip 29
--------------------------------
Deadlayer corrected source 
	{(3068.77, 1)}
	{(5019.21, 0.119615), (5058.4, 0.171409), (5070.81, 0.708976)}
	{(5682.47, 0.231), (5725.15, 0.769)}
Peaks:
	Energy: 3068.77  Channel: 1105.21  Uncertaincy: 0.0281719
	Energy: 5019.21  Channel: 1721.45  Uncertaincy: 0.0338445
	Energy: 5058.4  Channel: 1733.82  Uncertaincy: 0.0338445
	Energy: 5070.81  Channel: 1737.74  Uncertaincy: 0.0338445
	Energy: 5682.47  Channel: 1930.31  Uncertaincy: 0.0378676
	Energy: 5725.15  Channel: 1943.79  Uncertaincy: 0.0378676
Results: 
	Offset: -432.387 ± 2.52048
	Slope:  3.16734 ± 0.00146729
	Chi^2/ndf:  3.98548/4 = 0.996371
Covariance matrix
	6.35284	-0.00364885
	-0.00364885	2.15293e-06
--------------------------------
Strip 30
--------------------------------
Deadlayer corrected source 
	{(3069.55, 1)}
	{(5019.8, 0.119615), (5058.98, 0.171409), (5071.39, 0.708976)}
	{(5683.02, 0.231), (5725.7, 0.769)}
Peaks:
	Energy: 3069.55  Channel: 1055.94  Uncertaincy: 0.0264228
	Energy: 5019.8  Channel: 1648.09  Uncertaincy: 0.0327261
	Energy: 5058.98  Channel: 1659.98  Uncertaincy: 0.0327261
	Energy: 5071.39  Channel: 1663.75  Uncertaincy: 0.0327261
	Energy: 5683.02  Channel: 1848.88  Uncertaincy: 0.0352134
	Energy: 5725.7  Channel: 1861.84  Uncertaincy: 0.0352134
Results: 
	Offset: -410.894 ± 2.50991
	Slope:  3.29556 ± 0.00152604
	Chi^2/ndf:  2.96206/4 = 0.740514
Covariance matrix
	6.29964	-0.00377863
	-0.00377863	2.32881e-06
--------------------------------
Strip 31
--------------------------------
Deadlayer corrected source 
	{(3070.23, 1)}
	{(5020.31, 0.119615), (5059.49, 0.171409), (5071.9, 0.708976)}
	{(5683.49, 0.231), (5726.17, 0.769)}
Peaks:
	Energy: 3070.23  Channel: 1140.29  Uncertaincy: 0.0279534
	Energy: 5020.31  Channel: 1778.94  Uncertaincy: 0.0341037
	Energy: 5059.49  Channel: 1791.76  Uncertaincy: 0.0341037
	Energy: 5071.9  Channel: 1795.83  Uncertaincy: 0.0341037
	Energy: 5683.49  Channel: 1995.62  Uncertaincy: 0.0377596
	Energy: 5726.17  Channel: 2009.59  Uncertaincy: 0.0377596
Results: 
	Offset: -413.773 ± 2.51095
	Slope:  3.055 ± 0.00141438
	Chi^2/ndf:  2.01987/4 = 0.504967
Covariance matrix
	6.30489	-0.00350365
	-0.00350365	2.00046e-06
--------------------------------
Strip 32
--------------------------------
Deadlayer corrected source 
	{(3070.79, 1)}
	{(5020.74, 0.119615), (5059.91, 0.171409), (5072.32, 0.708976)}
	{(5683.89, 0.231), (5726.56, 0.769)}
Peaks:
	Energy: 3070.79  Channel: 1151.23  Uncertaincy: 0.0281612
	Energy: 5020.74  Channel: 1788.33  Uncertaincy: 0.0342527
	Energy: 5059.91  Channel: 1801.13  Uncertaincy: 0.0342527
	Energy: 5072.32  Channel: 1805.18  Uncertaincy: 0.0342527
	Energy: 5683.89  Channel: 2004.23  Uncertaincy: 0.0368348
	Energy: 5726.56  Channel: 2018.16  Uncertaincy: 0.0368348
Results: 
	Offset: -456.117 ± 2.53118
	Slope:  3.06303 ± 0.00141842
	Chi^2/ndf:  4.59762/4 = 1.1494
Covariance matrix
	6.40686	-0.00354274
	-0.00354274	2.01191e-06
======================================================
Calibrating Back
======================================================

--------------------------------
Strip 1
--------------------------------
Deadlayer corrected source 
	{(3082.2, 1)}
	{(5029.34, 0.119615), (5068.48, 0.171409), (5080.87, 0.708976)}
	{(5691.87, 0.231), (5734.51, 0.769)}
Peaks:
	Energy: 3082.2  Channel: 1033.57  Uncertaincy: 0.0266906
	Energy: 5029.34  Channel: 1671.33  Uncertaincy: 0.0307129
	Energy: 5068.48  Channel: 1684.14  Uncertaincy: 0.0307129
	Energy: 5080.87  Channel: 1688.2  Uncertaincy: 0.0307129
	Energy: 5691.87  Channel: 1887.34  Uncertaincy: 0.0338943
	Energy: 5734.51  Channel: 1901.3  Uncertaincy: 0.0338943
Results: 
	Offset: -77.329 ± 2.36436
	Slope:  3.05611 ± 0.00141642
	Chi^2/ndf:  7.61135/4 = 1.90284
Covariance matrix
	5.5902	-0.00329817
	-0.00329817	2.00625e-06
--------------------------------
Strip 2
--------------------------------
Deadlayer corrected source 
	{(3081.34, 1)}
	{(5028.69, 0.119615), (5067.83, 0.171409), (5080.23, 0.708976)}
	{(5691.27, 0.231), (5733.91, 0.769)}
Peaks:
	Energy: 3081.34  Channel: 1051.88  Uncertaincy: 0.0297948
	Energy: 5028.69  Channel: 1719.95  Uncertaincy: 0.0342086
	Energy: 5067.83  Channel: 1733.37  Uncertaincy: 0.0342086
	Energy: 5080.23  Channel: 1737.62  Uncertaincy: 0.0342086
	Energy: 5691.27  Channel: 1946.76  Uncertaincy: 0.0377213
	Energy: 5733.91  Channel: 1961.38  Uncertaincy: 0.0377213
Results: 
	Offset: 13.3486 ± 2.32357
	Slope:  2.91629 ± 0.00135216
	Chi^2/ndf:  1.68582/4 = 0.421455
Covariance matrix
	5.39896	-0.00309246
	-0.00309246	1.82834e-06
--------------------------------
Strip 3
--------------------------------
Deadlayer corrected source 
	{(3080.41, 1)}
	{(5027.99, 0.119615), (5067.13, 0.171409), (5079.53, 0.708976)}
	{(5690.62, 0.231), (5733.27, 0.769)}
Peaks:
	Energy: 3080.41  Channel: 1093.34  Uncertaincy: 0.0286531
	Energy: 5027.99  Channel: 1775.36  Uncertaincy: 0.0333871
	Energy: 5067.13  Channel: 1789.07  Uncertaincy: 0.0333871
	Energy: 5079.53  Channel: 1793.41  Uncertaincy: 0.0333871
	Energy: 5690.62  Channel: 2007.36  Uncertaincy: 0.0381953
	Energy: 5733.27  Channel: 2022.29  Uncertaincy: 0.0381953
Results: 
	Offset: -41.9213 ± 2.34714
	Slope:  2.85573 ± 0.00132338
	Chi^2/ndf:  0.0176077/4 = 0.00440192
Covariance matrix
	5.50907	-0.00305835
	-0.00305835	1.75133e-06
--------------------------------
Strip 4
--------------------------------
Deadlayer corrected source 
	{(3079.42, 1)}
	{(5027.24, 0.119615), (5066.39, 0.171409), (5078.79, 0.708976)}
	{(5689.93, 0.231), (5732.58, 0.769)}
Peaks:
	Energy: 3079.42  Channel: 1091.93  Uncertaincy: 0.0265585
	Energy: 5027.24  Channel: 1772.58  Uncertaincy: 0.0324074
	Energy: 5066.39  Channel: 1786.26  Uncertaincy: 0.0324074
	Energy: 5078.79  Channel: 1790.6  Uncertaincy: 0.0324074
	Energy: 5689.93  Channel: 2004.1  Uncertaincy: 0.0354725
	Energy: 5732.58  Channel: 2019.01  Uncertaincy: 0.0354725
Results: 
	Offset: -45.5236 ± 2.34698
	Slope:  2.86182 ± 0.00132534
	Chi^2/ndf:  0.0178532/4 = 0.0044633
Covariance matrix
	5.50833	-0.00306271
	-0.00306271	1.75652e-06
--------------------------------
Strip 5
--------------------------------
Deadlayer corrected source 
	{(3078.38, 1)}
	{(5026.45, 0.119615), (5065.6, 0.171409), (5078.01, 0.708976)}
	{(5689.19, 0.231), (5731.85, 0.769)}
Peaks:
	Energy: 3078.38  Channel: 1104.79  Uncertaincy: 0.0264938
	Energy: 5026.45  Channel: 1795.61  Uncertaincy: 0.03225
	Energy: 5065.6  Channel: 1809.5  Uncertaincy: 0.03225
	Energy: 5078.01  Channel: 1813.89  Uncertaincy: 0.03225
	Energy: 5689.19  Channel: 2030.46  Uncertaincy: 0.0377416
	Energy: 5731.85  Channel: 2045.58  Uncertaincy: 0.0377416
Results: 
	Offset: -37.7234 ± 2.34216
	Slope:  2.8204 ± 0.00130574
	Chi^2/ndf:  0.200179/4 = 0.0500446
Covariance matrix
	5.4857	-0.00301101
	-0.00301101	1.70495e-06
--------------------------------
Strip 6
--------------------------------
Deadlayer corrected source 
	{(3077.27, 1)}
	{(5025.62, 0.119615), (5064.77, 0.171409), (5077.18, 0.708976)}
	{(5688.42, 0.231), (5731.07, 0.769)}
Peaks:
	Energy: 3077.27  Channel: 1097.64  Uncertaincy: 0.0243903
	Energy: 5025.62  Channel: 1768.16  Uncertaincy: 0.0302051
	Energy: 5064.77  Channel: 1781.63  Uncertaincy: 0.0302051
	Energy: 5077.18  Channel: 1785.9  Uncertaincy: 0.0302051
	Energy: 5688.42  Channel: 1996.2  Uncertaincy: 0.033014
	Energy: 5731.07  Channel: 2010.88  Uncertaincy: 0.033014
Results: 
	Offset: -112.382 ± 2.37501
	Slope:  2.90589 ± 0.00134475
	Chi^2/ndf:  0.0229776/4 = 0.00574439
Covariance matrix
	5.64069	-0.0031459
	-0.0031459	1.80836e-06
--------------------------------
Strip 7
--------------------------------
Deadlayer corrected source 
	{(3076.1, 1)}
	{(5024.74, 0.119615), (5063.9, 0.171409), (5076.3, 0.708976)}
	{(5687.6, 0.231), (5730.26, 0.769)}
Peaks:
	Energy: 3076.1  Channel: 1067.05  Uncertaincy: 0.0241594
	Energy: 5024.74  Channel: 1731.37  Uncertaincy: 0.0298347
	Energy: 5063.9  Channel: 1744.72  Uncertaincy: 0.0298347
	Energy: 5076.3  Channel: 1748.95  Uncertaincy: 0.0298347
	Energy: 5687.6  Channel: 1956.92  Uncertaincy: 0.0338626
	Energy: 5730.26  Channel: 1971.46  Uncertaincy: 0.0338626
Results: 
	Offset: -55.4702 ± 2.3492
	Slope:  2.93448 ± 0.00135832
	Chi^2/ndf:  1.36025/4 = 0.340062
Covariance matrix
	5.51876	-0.00314203
	-0.00314203	1.84503e-06
--------------------------------
Strip 8
--------------------------------
Deadlayer corrected source 
	{(3074.89, 1)}
	{(5023.82, 0.119615), (5062.98, 0.171409), (5075.39, 0.708976)}
	{(5686.75, 0.231), (5729.41, 0.769)}
Peaks:
	Energy: 3074.89  Channel: 1143.05  Uncertaincy: 0.0264103
	Energy: 5023.82  Channel: 1866.25  Uncertaincy: 0.0320311
	Energy: 5062.98  Channel: 1880.78  Uncertaincy: 0.0320311
	Energy: 5075.39  Channel: 1885.39  Uncertaincy: 0.0320311
	Energy: 5686.75  Channel: 2112.16  Uncertaincy: 0.0369075
	Energy: 5729.41  Channel: 2127.99  Uncertaincy: 0.0369075
Results: 
	Offset: -5.76512 ± 2.32551
	Slope:  2.69507 ± 0.00124717
	Chi^2/ndf:  0.0447839/4 = 0.011196
Covariance matrix
	5.408	-0.00285491
	-0.00285491	1.55543e-06
--------------------------------
Strip 9
--------------------------------
Deadlayer corrected source 
	{(3073.61, 1)}
	{(5022.86, 0.119615), (5062.03, 0.171409), (5074.43, 0.708976)}
	{(5685.86, 0.231), (5728.52, 0.769)}
Peaks:
	Energy: 3073.61  Channel: 1209.34  Uncertaincy: 0.0285083
	Energy: 5022.86  Channel: 1960.03  Uncertaincy: 0.0341881
	Energy: 5062.03  Channel: 1975.11  Uncertaincy: 0.0341881
	Energy: 5074.43  Channel: 1979.89  Uncertaincy: 0.0341881
	Energy: 5685.86  Channel: 2215.08  Uncertaincy: 0.0384084
	Energy: 5728.52  Channel: 2231.51  Uncertaincy: 0.0384084
Results: 
	Offset: -67.531 ± 2.35307
	Slope:  2.59723 ± 0.0012018
	Chi^2/ndf:  0.435098/4 = 0.108774
Covariance matrix
	5.53692	-0.00278469
	-0.00278469	1.44433e-06
Warnings:
	W0: Calibration is outlier!
--------------------------------
Strip 10
--------------------------------
Deadlayer corrected source 
	{(3072.29, 1)}
	{(5021.86, 0.119615), (5061.03, 0.171409), (5073.44, 0.708976)}
	{(5684.93, 0.231), (5727.6, 0.769)}
Peaks:
	Energy: 3072.29  Channel: 1064.15  Uncertaincy: 0.0247864
	Energy: 5021.86  Channel: 1715.74  Uncertaincy: 0.0294667
	Energy: 5061.03  Channel: 1728.83  Uncertaincy: 0.0294667
	Energy: 5073.44  Channel: 1732.97  Uncertaincy: 0.0294667
	Energy: 5684.93  Channel: 1936.8  Uncertaincy: 0.0333571
	Energy: 5727.6  Channel: 1951.06  Uncertaincy: 0.0333571
Results: 
	Offset: -113.83 ± 2.37311
	Slope:  2.99363 ± 0.00138488
	Chi^2/ndf:  2.2266/4 = 0.556649
Covariance matrix
	5.63164	-0.00323707
	-0.00323707	1.9179e-06
--------------------------------
Strip 11
--------------------------------
Deadlayer corrected source 
	{(3070.91, 1)}
	{(5020.82, 0.119615), (5060, 0.171409), (5072.41, 0.708976)}
	{(5683.97, 0.231), (5726.64, 0.769)}
Peaks:
	Energy: 3070.91  Channel: 1069.34  Uncertaincy: 0.0244544
	Energy: 5020.82  Channel: 1718.43  Uncertaincy: 0.0290653
	Energy: 5060  Channel: 1731.47  Uncertaincy: 0.0290653
	Energy: 5072.41  Channel: 1735.6  Uncertaincy: 0.0290653
	Energy: 5683.97  Channel: 1938.68  Uncertaincy: 0.0326567
	Energy: 5726.64  Channel: 1952.88  Uncertaincy: 0.0326567
Results: 
	Offset: -143.401 ± 2.38506
	Slope:  3.00551 ± 0.00138976
	Chi^2/ndf:  1.85182/4 = 0.462956
Covariance matrix
	5.68851	-0.00326536
	-0.00326536	1.93144e-06
--------------------------------
Strip 12
--------------------------------
Deadlayer corrected source 
	{(3069.49, 1)}
	{(5019.75, 0.119615), (5058.94, 0.171409), (5071.35, 0.708976)}
	{(5682.97, 0.231), (5725.65, 0.769)}
Peaks:
	Energy: 3069.49  Channel: 1079.26  Uncertaincy: 0.0292788
	Energy: 5019.75  Channel: 1741.43  Uncertaincy: 0.0345744
	Energy: 5058.94  Channel: 1754.73  Uncertaincy: 0.0345744
	Energy: 5071.35  Channel: 1758.95  Uncertaincy: 0.0345744
	Energy: 5682.97  Channel: 1966.09  Uncertaincy: 0.0431266
	Energy: 5725.65  Channel: 1980.58  Uncertaincy: 0.0431266
Results: 
	Offset: -111.221 ± 2.37338
	Slope:  2.94673 ± 0.00136486
	Chi^2/ndf:  1.96262/4 = 0.490655
Covariance matrix
	5.63295	-0.00319047
	-0.00319047	1.86283e-06
--------------------------------
Strip 13
--------------------------------
Deadlayer corrected source 
	{(3068.02, 1)}
	{(5018.64, 0.119615), (5057.83, 0.171409), (5070.25, 0.708976)}
	{(5681.95, 0.231), (5724.63, 0.769)}
Peaks:
	Energy: 3068.02  Channel: 1101.57  Uncertaincy: 0.0299914
	Energy: 5018.64  Channel: 1767.58  Uncertaincy: 0.0365071
	Energy: 5057.83  Channel: 1780.96  Uncertaincy: 0.0365071
	Energy: 5070.25  Channel: 1785.2  Uncertaincy: 0.0365071
	Energy: 5681.95  Channel: 1994.16  Uncertaincy: 0.0409038
	Energy: 5724.63  Channel: 2008.74  Uncertaincy: 0.0409038
Results: 
	Offset: -157.875 ± 2.39398
	Slope:  2.92852 ± 0.00135619
	Chi^2/ndf:  0.0844595/4 = 0.0211149
Covariance matrix
	5.73114	-0.00319856
	-0.00319856	1.83924e-06
--------------------------------
Strip 14
--------------------------------
Deadlayer corrected source 
	{(3066.51, 1)}
	{(5017.5, 0.119615), (5056.7, 0.171409), (5069.11, 0.708976)}
	{(5680.89, 0.231), (5723.58, 0.769)}
Peaks:
	Energy: 3066.51  Channel: 1078.05  Uncertaincy: 0.0282444
	Energy: 5017.5  Channel: 1741.34  Uncertaincy: 0.0327947
	Energy: 5056.7  Channel: 1754.66  Uncertaincy: 0.0327947
	Energy: 5069.11  Channel: 1758.88  Uncertaincy: 0.0327947
	Energy: 5680.89  Channel: 1966.63  Uncertaincy: 0.0351103
	Energy: 5723.58  Channel: 1981.14  Uncertaincy: 0.0351103
Results: 
	Offset: -105.377 ± 2.36796
	Slope:  2.94207 ± 0.00136137
	Chi^2/ndf:  0.401324/4 = 0.100331
Covariance matrix
	5.60725	-0.00317496
	-0.00317496	1.85334e-06
--------------------------------
Strip 15
--------------------------------
Deadlayer corrected source 
	{(3064.95, 1)}
	{(5016.33, 0.119615), (5055.53, 0.171409), (5067.95, 0.708976)}
	{(5679.8, 0.231), (5722.49, 0.769)}
Peaks:
	Energy: 3064.95  Channel: 1094.05  Uncertaincy: 0.0425032
	Energy: 5016.33  Channel: 1772.32  Uncertaincy: 0.0372864
	Energy: 5055.53  Channel: 1785.94  Uncertaincy: 0.0372864
	Energy: 5067.95  Channel: 1790.25  Uncertaincy: 0.0372864
	Energy: 5679.8  Channel: 2002.5  Uncertaincy: 0.0393228
	Energy: 5722.49  Channel: 2017.33  Uncertaincy: 0.0393228
Results: 
	Offset: -84.2331 ± 2.36551
	Slope:  2.87816 ± 0.00133576
	Chi^2/ndf:  1.26155/4 = 0.315388
Covariance matrix
	5.59564	-0.00311175
	-0.00311175	1.78426e-06
--------------------------------
Strip 16
--------------------------------
Deadlayer corrected source 
	{(3063.35, 1)}
	{(5015.13, 0.119615), (5054.33, 0.171409), (5066.75, 0.708976)}
	{(5678.68, 0.231), (5721.38, 0.769)}
Peaks:
	Energy: 3063.35  Channel: 1118.24  Uncertaincy: 0.0315167
	Energy: 5015.13  Channel: 1802.91  Uncertaincy: 0.0344212
	Energy: 5054.33  Channel: 1816.66  Uncertaincy: 0.0344212
	Energy: 5066.75  Channel: 1821.01  Uncertaincy: 0.0344212
	Energy: 5678.68  Channel: 2035.3  Uncertaincy: 0.0371206
	Energy: 5721.38  Channel: 2050.27  Uncertaincy: 0.0371206
Results: 
	Offset: -125.819 ± 2.37549
	Slope:  2.85169 ± 0.00131913
	Chi^2/ndf:  0.957528/4 = 0.239382
Covariance matrix
	5.64293	-0.0030865
	-0.0030865	1.74012e-06
--------------------------------
Strip 17
--------------------------------
Deadlayer corrected source 
	{(3061.71, 1)}
	{(5013.89, 0.119615), (5053.1, 0.171409), (5065.52, 0.708976)}
	{(5677.53, 0.231), (5720.24, 0.769)}
Peaks:
	Energy: 3061.71  Channel: 1100.44  Uncertaincy: 0.0264421
	Energy: 5013.89  Channel: 1759.8  Uncertaincy: 0.0303523
	Energy: 5053.1  Channel: 1773.04  Uncertaincy: 0.0303523
	Energy: 5065.52  Channel: 1777.24  Uncertaincy: 0.0303523
	Energy: 5677.53  Channel: 1983.7  Uncertaincy: 0.0369987
	Energy: 5720.24  Channel: 1998.12  Uncertaincy: 0.0369987
Results: 
	Offset: -197.35 ± 2.40583
	Slope:  2.96142 ± 0.0013691
	Chi^2/ndf:  0.459465/4 = 0.114866
Covariance matrix
	5.78802	-0.00324562
	-0.00324562	1.87443e-06
--------------------------------
Strip 18
--------------------------------
Deadlayer corrected source 
	{(3060.03, 1)}
	{(5012.63, 0.119615), (5051.84, 0.171409), (5064.27, 0.708976)}
	{(5676.36, 0.231), (5719.07, 0.769)}
Peaks:
	Energy: 3060.03  Channel: 1078.02  Uncertaincy: 0.0270407
	Energy: 5012.63  Channel: 1752.61  Uncertaincy: 0.0314274
	Energy: 5051.84  Channel: 1766.16  Uncertaincy: 0.0314274
	Energy: 5064.27  Channel: 1770.45  Uncertaincy: 0.0314274
	Energy: 5676.36  Channel: 1981.63  Uncertaincy: 0.037181
	Energy: 5719.07  Channel: 1996.38  Uncertaincy: 0.037181
Results: 
	Offset: -61.3315 ± 2.34333
	Slope:  2.89526 ± 0.00133848
	Chi^2/ndf:  0.595745/4 = 0.148936
Covariance matrix
	5.49118	-0.00308811
	-0.00308811	1.79154e-06
--------------------------------
Strip 19
--------------------------------
Deadlayer corrected source 
	{(3058.32, 1)}
	{(5011.34, 0.119615), (5050.56, 0.171409), (5062.98, 0.708976)}
	{(5675.16, 0.231), (5717.88, 0.769)}
Peaks:
	Energy: 3058.32  Channel: 1046.79  Uncertaincy: 0.0253038
	Energy: 5011.34  Channel: 1684.65  Uncertaincy: 0.0296128
	Energy: 5050.56  Channel: 1697.46  Uncertaincy: 0.0296128
	Energy: 5062.98  Channel: 1701.52  Uncertaincy: 0.0296128
	Energy: 5675.16  Channel: 1901.37  Uncertaincy: 0.0346707
	Energy: 5717.88  Channel: 1915.32  Uncertaincy: 0.0346707
Results: 
	Offset: -147.118 ± 2.38019
	Slope:  3.06209 ± 0.00141466
	Chi^2/ndf:  0.0635895/4 = 0.0158974
Covariance matrix
	5.66529	-0.00331681
	-0.00331681	2.00127e-06
--------------------------------
Strip 20
--------------------------------
Deadlayer corrected source 
	{(3056.57, 1)}
	{(5010.02, 0.119615), (5049.25, 0.171409), (5061.67, 0.708976)}
	{(5673.94, 0.231), (5716.66, 0.769)}
Peaks:
	Energy: 3056.57  Channel: 1118.8  Uncertaincy: 0.0272824
	Energy: 5010.02  Channel: 1796.04  Uncertaincy: 0.0319361
	Energy: 5049.25  Channel: 1809.64  Uncertaincy: 0.0319361
	Energy: 5061.67  Channel: 1813.95  Uncertaincy: 0.0319361
	Energy: 5673.94  Channel: 2025.97  Uncertaincy: 0.0369839
	Energy: 5716.66  Channel: 2040.78  Uncertaincy: 0.0369839
Results: 
	Offset: -171.454 ± 2.39027
	Slope:  2.88509 ± 0.00133267
	Chi^2/ndf:  0.423757/4 = 0.105939
Covariance matrix
	5.7134	-0.0031382
	-0.0031382	1.776e-06
--------------------------------
Strip 21
--------------------------------
Deadlayer corrected source 
	{(3054.78, 1)}
	{(5008.68, 0.119615), (5047.91, 0.171409), (5060.34, 0.708976)}
	{(5672.69, 0.231), (5715.42, 0.769)}
Peaks:
	Energy: 3054.78  Channel: 1152.22  Uncertaincy: 0.0281501
	Energy: 5008.68  Channel: 1851.65  Uncertaincy: 0.0329593
	Energy: 5047.91  Channel: 1865.69  Uncertaincy: 0.0329593
	Energy: 5060.34  Channel: 1870.14  Uncertaincy: 0.0329593
	Energy: 5672.69  Channel: 2088.66  Uncertaincy: 0.0390439
	Energy: 5715.42  Channel: 2103.94  Uncertaincy: 0.0390439
Results: 
	Offset: -166.544 ± 2.38734
	Slope:  2.7953 ± 0.00129118
	Chi^2/ndf:  3.07855/4 = 0.769638
Covariance matrix
	5.69939	-0.00303665
	-0.00303665	1.66714e-06
--------------------------------
Strip 22
--------------------------------
Deadlayer corrected source 
	{(3052.97, 1)}
	{(5007.31, 0.119615), (5046.55, 0.171409), (5058.98, 0.708976)}
	{(5671.42, 0.231), (5714.16, 0.769)}
Peaks:
	Energy: 3052.97  Channel: 1110.56  Uncertaincy: 0.0275674
	Energy: 5007.31  Channel: 1789.63  Uncertaincy: 0.0324637
	Energy: 5046.55  Channel: 1803.26  Uncertaincy: 0.0324637
	Energy: 5058.98  Channel: 1807.58  Uncertaincy: 0.0324637
	Energy: 5671.42  Channel: 2020.07  Uncertaincy: 0.0384421
	Energy: 5714.16  Channel: 2034.92  Uncertaincy: 0.0384421
Results: 
	Offset: -144.361 ± 2.37648
	Slope:  2.87881 ± 0.00132968
	Chi^2/ndf:  0.685062/4 = 0.171266
Covariance matrix
	5.64766	-0.00311254
	-0.00311254	1.76806e-06
--------------------------------
Strip 23
--------------------------------
Deadlayer corrected source 
	{(3051.12, 1)}
	{(5005.92, 0.119615), (5045.16, 0.171409), (5057.59, 0.708976)}
	{(5670.13, 0.231), (5712.87, 0.769)}
Peaks:
	Energy: 3051.12  Channel: 1061.61  Uncertaincy: 0.0259426
	Energy: 5005.92  Channel: 1697.43  Uncertaincy: 0.0299879
	Energy: 5045.16  Channel: 1710.19  Uncertaincy: 0.0299879
	Energy: 5057.59  Channel: 1714.24  Uncertaincy: 0.0299879
	Energy: 5670.13  Channel: 1913.25  Uncertaincy: 0.0368374
	Energy: 5712.87  Channel: 1927.15  Uncertaincy: 0.0368374
Results: 
	Offset: -213.687 ± 2.40727
	Slope:  3.07515 ± 0.00142033
	Chi^2/ndf:  0.387693/4 = 0.0969232
Covariance matrix
	5.79497	-0.00336912
	-0.00336912	2.01733e-06
--------------------------------
Strip 24
--------------------------------
Deadlayer corrected source 
	{(3049.24, 1)}
	{(5004.5, 0.119615), (5043.76, 0.171409), (5056.19, 0.708976)}
	{(5668.82, 0.231), (5711.56, 0.769)}
Peaks:
	Energy: 3049.24  Channel: 1120.36  Uncertaincy: 0.0329232
	Energy: 5004.5  Channel: 1806.27  Uncertaincy: 0.0375699
	Energy: 5043.76  Channel: 1820.04  Uncertaincy: 0.0375699
	Energy: 5056.19  Channel: 1824.4  Uncertaincy: 0.0375699
	Energy: 5668.82  Channel: 2038.99  Uncertaincy: 0.047934
	Energy: 5711.56  Channel: 2053.99  Uncertaincy: 0.047934
Results: 
	Offset: -145.655 ± 2.37754
	Slope:  2.85145 ± 0.00131827
	Chi^2/ndf:  0.696513/4 = 0.174128
Covariance matrix
	5.65272	-0.00308708
	-0.00308708	1.73785e-06
======================================================
